github.com/sentrie-sh/sentrie/runtime/builtins.go:29:		isUndefinedAny			100.0%
github.com/sentrie-sh/sentrie/runtime/builtins.go:33:		toIntAny			100.0%
github.com/sentrie-sh/sentrie/runtime/builtins.go:42:		BuiltinMerge			100.0%
github.com/sentrie-sh/sentrie/runtime/builtins.go:61:		mergeMaps			88.9%
github.com/sentrie-sh/sentrie/runtime/builtins.go:98:		BuiltinCount			100.0%
github.com/sentrie-sh/sentrie/runtime/builtins.go:122:		BuiltInError			100.0%
github.com/sentrie-sh/sentrie/runtime/builtins.go:137:		BuiltinFlatten			100.0%
github.com/sentrie-sh/sentrie/runtime/builtins.go:175:		flattenList			81.0%
github.com/sentrie-sh/sentrie/runtime/builtins.go:218:		BuiltinFlattenDeep		100.0%
github.com/sentrie-sh/sentrie/runtime/builtins.go:237:		flattenDeep			87.5%
github.com/sentrie-sh/sentrie/runtime/builtins.go:269:		BuiltinAsList			100.0%
github.com/sentrie-sh/sentrie/runtime/builtins.go:297:		BuiltinNormaliseList		95.8%
github.com/sentrie-sh/sentrie/runtime/decision.go:30:		ToTrinary			0.0%
github.com/sentrie-sh/sentrie/runtime/decision.go:41:		DecisionOf			100.0%
github.com/sentrie-sh/sentrie/runtime/decision.go:53:		MarshalJSON			100.0%
github.com/sentrie-sh/sentrie/runtime/err_typedef.go:31:	ErrUnknownConstraint		100.0%
github.com/sentrie-sh/sentrie/runtime/err_typedef.go:35:	ErrConstraintFailed		100.0%
github.com/sentrie-sh/sentrie/runtime/err_typedef.go:39:	IsUnknownConstraint		100.0%
github.com/sentrie-sh/sentrie/runtime/err_typedef.go:43:	IsConstraintFailed		100.0%
github.com/sentrie-sh/sentrie/runtime/eval.go:31:		eval				93.6%
github.com/sentrie-sh/sentrie/runtime/eval_access.go:28:	evalFieldAccess			88.9%
github.com/sentrie-sh/sentrie/runtime/eval_access.go:44:	evalIndexAccess			84.6%
github.com/sentrie-sh/sentrie/runtime/eval_access.go:66:	accessField			29.4%
github.com/sentrie-sh/sentrie/runtime/eval_access.go:99:	accessIndex			44.0%
github.com/sentrie-sh/sentrie/runtime/eval_block.go:27:		evalBlock			80.0%
github.com/sentrie-sh/sentrie/runtime/eval_call.go:33:		evalCall			88.6%
github.com/sentrie-sh/sentrie/runtime/eval_call.go:95:		splitAliasFn			100.0%
github.com/sentrie-sh/sentrie/runtime/eval_call.go:103:		calculateHashKey		85.7%
github.com/sentrie-sh/sentrie/runtime/eval_call.go:115:		getTarget			100.0%
github.com/sentrie-sh/sentrie/runtime/eval_cast.go:30:		evalCast			62.2%
github.com/sentrie-sh/sentrie/runtime/eval_distinct.go:30:	evalDistinct			97.1%
github.com/sentrie-sh/sentrie/runtime/eval_ident.go:29:		evalIdent			64.3%
github.com/sentrie-sh/sentrie/runtime/eval_infix.go:32:		evalInfix			91.4%
github.com/sentrie-sh/sentrie/runtime/eval_infix.go:177:	mustNumbers			100.0%
github.com/sentrie-sh/sentrie/runtime/eval_infix.go:189:	equalValues			97.3%
github.com/sentrie-sh/sentrie/runtime/eval_infix.go:247:	matchesValue			100.0%
github.com/sentrie-sh/sentrie/runtime/eval_infix.go:259:	containsValue			100.0%
github.com/sentrie-sh/sentrie/runtime/eval_quantifier.go:29:	evalAny				79.2%
github.com/sentrie-sh/sentrie/runtime/eval_quantifier.go:76:	evalAll				79.2%
github.com/sentrie-sh/sentrie/runtime/eval_quantifier.go:123:	evalFirst			79.2%
github.com/sentrie-sh/sentrie/runtime/eval_quantifier.go:172:	evalFilter			84.0%
github.com/sentrie-sh/sentrie/runtime/eval_quantifier.go:218:	evalMap				85.7%
github.com/sentrie-sh/sentrie/runtime/eval_reduce.go:28:	evalReduce			85.2%
github.com/sentrie-sh/sentrie/runtime/eval_ternary.go:28:	evalTernary			93.3%
github.com/sentrie-sh/sentrie/runtime/eval_transform.go:28:	evalTransform			100.0%
github.com/sentrie-sh/sentrie/runtime/eval_unary.go:29:		evalUnary			77.8%
github.com/sentrie-sh/sentrie/runtime/exec_ctx.go:63:		IsLetInjected			0.0%
github.com/sentrie-sh/sentrie/runtime/exec_ctx.go:70:		NewExecutionContext		100.0%
github.com/sentrie-sh/sentrie/runtime/exec_ctx.go:85:		Dispose				0.0%
github.com/sentrie-sh/sentrie/runtime/exec_ctx.go:89:		AttachedChildContext		100.0%
github.com/sentrie-sh/sentrie/runtime/exec_ctx.go:109:		CreatedAt			0.0%
github.com/sentrie-sh/sentrie/runtime/exec_ctx.go:118:		InjectFact			100.0%
github.com/sentrie-sh/sentrie/runtime/exec_ctx.go:134:		IsFactInjected			0.0%
github.com/sentrie-sh/sentrie/runtime/exec_ctx.go:143:		InjectLet			100.0%
github.com/sentrie-sh/sentrie/runtime/exec_ctx.go:156:		SetLocal			61.1%
github.com/sentrie-sh/sentrie/runtime/exec_ctx.go:188:		GetLocal			100.0%
github.com/sentrie-sh/sentrie/runtime/exec_ctx.go:199:		GetFact				100.0%
github.com/sentrie-sh/sentrie/runtime/exec_ctx.go:213:		GetLet				83.3%
github.com/sentrie-sh/sentrie/runtime/exec_ctx.go:224:		BindModule			100.0%
github.com/sentrie-sh/sentrie/runtime/exec_ctx.go:230:		Module				100.0%
github.com/sentrie-sh/sentrie/runtime/exec_ctx.go:238:		PushRefStack			100.0%
github.com/sentrie-sh/sentrie/runtime/exec_ctx.go:252:		PopRefStack			100.0%
github.com/sentrie-sh/sentrie/runtime/exec_ctx.go:262:		GetRefStack			100.0%
github.com/sentrie-sh/sentrie/runtime/executor.go:41:		WithCallMemoizeCacheSize	0.0%
github.com/sentrie-sh/sentrie/runtime/executor.go:56:		ToTrinary			0.0%
github.com/sentrie-sh/sentrie/runtime/executor.go:75:		NewExecutor			0.0%
github.com/sentrie-sh/sentrie/runtime/executor.go:113:		Index				0.0%
github.com/sentrie-sh/sentrie/runtime/executor.go:118:		ExecPolicy			0.0%
github.com/sentrie-sh/sentrie/runtime/executor.go:157:		ExecRule			52.8%
github.com/sentrie-sh/sentrie/runtime/executor.go:238:		execRule			52.6%
github.com/sentrie-sh/sentrie/runtime/executor.go:309:		jsBindingConstructor		0.0%
github.com/sentrie-sh/sentrie/runtime/executor.go:344:		bindUses			33.3%
github.com/sentrie-sh/sentrie/runtime/executor.go:368:		getModuleBinding		0.0%
github.com/sentrie-sh/sentrie/runtime/executor.go:402:		evaluateRuleOutcome		93.1%
github.com/sentrie-sh/sentrie/runtime/imports.go:30:		ImportDecision			86.1%
github.com/sentrie-sh/sentrie/runtime/modules.go:43:		normalizeBoundaryForJS		0.0%
github.com/sentrie-sh/sentrie/runtime/modules.go:65:		Call				5.6%
github.com/sentrie-sh/sentrie/runtime/typeref.go:27:		normalizeTypeRefValue		60.0%
github.com/sentrie-sh/sentrie/runtime/typeref.go:40:		validateValueAgainstTypeRef	45.5%
github.com/sentrie-sh/sentrie/runtime/typeref_document.go:29:	validateAgainstDocumentTypeRef	26.7%
github.com/sentrie-sh/sentrie/runtime/typeref_list.go:29:	validateAgainstListTypeRef	38.9%
github.com/sentrie-sh/sentrie/runtime/typeref_map.go:29:	validateAgainstMapTypeRef	26.7%
github.com/sentrie-sh/sentrie/runtime/typeref_number.go:29:	validateAgainstNumberTypeRef	55.6%
github.com/sentrie-sh/sentrie/runtime/typeref_record.go:29:	validateAgainstRecordTypeRef	50.0%
github.com/sentrie-sh/sentrie/runtime/typeref_shape.go:31:	validateAgainstShapeTypeRef	30.6%
github.com/sentrie-sh/sentrie/runtime/typeref_string.go:29:	validateAgainstStringTypeRef	86.7%
github.com/sentrie-sh/sentrie/runtime/typeref_trinary.go:30:	validateAgainstTrinaryTypeRef	38.9%
github.com/sentrie-sh/sentrie/runtime/value.go:46:		String				100.0%
github.com/sentrie-sh/sentrie/runtime/value.go:77:		Undefined			100.0%
github.com/sentrie-sh/sentrie/runtime/value.go:78:		Null				100.0%
github.com/sentrie-sh/sentrie/runtime/value.go:80:		Bool				100.0%
github.com/sentrie-sh/sentrie/runtime/value.go:87:		Number				100.0%
github.com/sentrie-sh/sentrie/runtime/value.go:96:		String				100.0%
github.com/sentrie-sh/sentrie/runtime/value.go:100:		Trinary				100.0%
github.com/sentrie-sh/sentrie/runtime/value.go:104:		List				100.0%
github.com/sentrie-sh/sentrie/runtime/value.go:108:		Map				100.0%
github.com/sentrie-sh/sentrie/runtime/value.go:112:		Object				100.0%
github.com/sentrie-sh/sentrie/runtime/value.go:116:		Kind				100.0%
github.com/sentrie-sh/sentrie/runtime/value.go:117:		IsValid				100.0%
github.com/sentrie-sh/sentrie/runtime/value.go:118:		IsUndefined			100.0%
github.com/sentrie-sh/sentrie/runtime/value.go:119:		IsNull				100.0%
github.com/sentrie-sh/sentrie/runtime/value.go:121:		BoolValue			100.0%
github.com/sentrie-sh/sentrie/runtime/value.go:128:		NumberValue			100.0%
github.com/sentrie-sh/sentrie/runtime/value.go:135:		StringValue			100.0%
github.com/sentrie-sh/sentrie/runtime/value.go:143:		TrinaryValue			100.0%
github.com/sentrie-sh/sentrie/runtime/value.go:150:		ListValue			100.0%
github.com/sentrie-sh/sentrie/runtime/value.go:158:		MapValue			100.0%
github.com/sentrie-sh/sentrie/runtime/value.go:166:		Any				100.0%
github.com/sentrie-sh/sentrie/runtime/value.go:202:		String				100.0%
github.com/sentrie-sh/sentrie/runtime/value.go:229:		MarshalJSON			100.0%
github.com/sentrie-sh/sentrie/runtime/value.go:236:		FromAny				100.0%
github.com/sentrie-sh/sentrie/runtime/value.go:295:		ToBoundaryAny			100.0%
github.com/sentrie-sh/sentrie/runtime/value.go:320:		FromBoundaryAny			100.0%
total:								(statements)			72.9%
