mode: set
github.com/sentrie-sh/sentrie/runtime/builtins.go:29.33,31.2 1 1
github.com/sentrie-sh/sentrie/runtime/builtins.go:33.36,35.9 2 1
github.com/sentrie-sh/sentrie/runtime/builtins.go:35.9,37.3 1 1
github.com/sentrie-sh/sentrie/runtime/builtins.go:38.2,38.23 1 1
github.com/sentrie-sh/sentrie/runtime/builtins.go:42.65,43.20 1 1
github.com/sentrie-sh/sentrie/runtime/builtins.go:43.20,45.3 1 1
github.com/sentrie-sh/sentrie/runtime/builtins.go:47.2,48.9 2 1
github.com/sentrie-sh/sentrie/runtime/builtins.go:48.9,50.3 1 1
github.com/sentrie-sh/sentrie/runtime/builtins.go:52.2,53.9 2 1
github.com/sentrie-sh/sentrie/runtime/builtins.go:53.9,55.3 1 1
github.com/sentrie-sh/sentrie/runtime/builtins.go:57.2,57.35 1 1
github.com/sentrie-sh/sentrie/runtime/builtins.go:61.58,67.31 2 1
github.com/sentrie-sh/sentrie/runtime/builtins.go:67.31,68.50 1 1
github.com/sentrie-sh/sentrie/runtime/builtins.go:68.50,70.12 2 1
github.com/sentrie-sh/sentrie/runtime/builtins.go:72.3,72.22 1 1
github.com/sentrie-sh/sentrie/runtime/builtins.go:77.2,77.32 1 1
github.com/sentrie-sh/sentrie/runtime/builtins.go:77.32,78.46 1 1
github.com/sentrie-sh/sentrie/runtime/builtins.go:78.46,81.18 3 1
github.com/sentrie-sh/sentrie/runtime/builtins.go:81.18,83.13 2 1
github.com/sentrie-sh/sentrie/runtime/builtins.go:88.3,88.51 1 1
github.com/sentrie-sh/sentrie/runtime/builtins.go:88.51,90.12 2 0
github.com/sentrie-sh/sentrie/runtime/builtins.go:92.3,92.23 1 1
github.com/sentrie-sh/sentrie/runtime/builtins.go:95.2,95.15 1 1
github.com/sentrie-sh/sentrie/runtime/builtins.go:98.65,99.20 1 1
github.com/sentrie-sh/sentrie/runtime/builtins.go:99.20,101.3 1 1
github.com/sentrie-sh/sentrie/runtime/builtins.go:103.2,104.8 2 1
github.com/sentrie-sh/sentrie/runtime/builtins.go:104.8,106.3 1 1
github.com/sentrie-sh/sentrie/runtime/builtins.go:108.2,109.8 2 1
github.com/sentrie-sh/sentrie/runtime/builtins.go:109.8,111.3 1 1
github.com/sentrie-sh/sentrie/runtime/builtins.go:113.2,114.8 2 1
github.com/sentrie-sh/sentrie/runtime/builtins.go:114.8,116.3 1 1
github.com/sentrie-sh/sentrie/runtime/builtins.go:118.2,118.15 1 1
github.com/sentrie-sh/sentrie/runtime/builtins.go:122.65,123.20 1 1
github.com/sentrie-sh/sentrie/runtime/builtins.go:123.20,125.3 1 1
github.com/sentrie-sh/sentrie/runtime/builtins.go:127.2,127.20 1 1
github.com/sentrie-sh/sentrie/runtime/builtins.go:127.20,129.3 1 1
github.com/sentrie-sh/sentrie/runtime/builtins.go:131.2,133.47 3 1
github.com/sentrie-sh/sentrie/runtime/builtins.go:137.67,138.36 1 1
github.com/sentrie-sh/sentrie/runtime/builtins.go:138.36,140.3 1 1
github.com/sentrie-sh/sentrie/runtime/builtins.go:143.2,143.29 1 1
github.com/sentrie-sh/sentrie/runtime/builtins.go:143.29,145.3 1 1
github.com/sentrie-sh/sentrie/runtime/builtins.go:147.2,148.9 2 1
github.com/sentrie-sh/sentrie/runtime/builtins.go:148.9,150.3 1 1
github.com/sentrie-sh/sentrie/runtime/builtins.go:152.2,153.20 2 1
github.com/sentrie-sh/sentrie/runtime/builtins.go:153.20,154.30 1 1
github.com/sentrie-sh/sentrie/runtime/builtins.go:154.30,156.4 1 1
github.com/sentrie-sh/sentrie/runtime/builtins.go:157.3,158.10 2 1
github.com/sentrie-sh/sentrie/runtime/builtins.go:158.10,160.4 1 1
github.com/sentrie-sh/sentrie/runtime/builtins.go:161.3,161.12 1 1
github.com/sentrie-sh/sentrie/runtime/builtins.go:161.12,163.4 1 1
github.com/sentrie-sh/sentrie/runtime/builtins.go:164.3,164.12 1 1
github.com/sentrie-sh/sentrie/runtime/builtins.go:167.2,167.16 1 1
github.com/sentrie-sh/sentrie/runtime/builtins.go:167.16,169.3 1 1
github.com/sentrie-sh/sentrie/runtime/builtins.go:171.2,171.30 1 1
github.com/sentrie-sh/sentrie/runtime/builtins.go:175.53,176.16 1 1
github.com/sentrie-sh/sentrie/runtime/builtins.go:176.16,178.3 1 1
github.com/sentrie-sh/sentrie/runtime/builtins.go:180.2,181.25 2 1
github.com/sentrie-sh/sentrie/runtime/builtins.go:181.25,183.27 1 1
github.com/sentrie-sh/sentrie/runtime/builtins.go:183.27,185.4 1 0
github.com/sentrie-sh/sentrie/runtime/builtins.go:188.3,188.41 1 1
github.com/sentrie-sh/sentrie/runtime/builtins.go:188.41,190.42 1 1
github.com/sentrie-sh/sentrie/runtime/builtins.go:190.42,191.35 1 1
github.com/sentrie-sh/sentrie/runtime/builtins.go:191.35,193.6 1 1
github.com/sentrie-sh/sentrie/runtime/builtins.go:196.4,197.18 2 1
github.com/sentrie-sh/sentrie/runtime/builtins.go:197.18,199.5 1 0
github.com/sentrie-sh/sentrie/runtime/builtins.go:200.4,200.33 1 1
github.com/sentrie-sh/sentrie/runtime/builtins.go:200.33,202.5 1 0
github.com/sentrie-sh/sentrie/runtime/builtins.go:203.4,204.11 2 1
github.com/sentrie-sh/sentrie/runtime/builtins.go:204.11,206.5 1 0
github.com/sentrie-sh/sentrie/runtime/builtins.go:207.4,207.45 1 1
github.com/sentrie-sh/sentrie/runtime/builtins.go:208.9,211.4 1 1
github.com/sentrie-sh/sentrie/runtime/builtins.go:214.2,214.20 1 1
github.com/sentrie-sh/sentrie/runtime/builtins.go:218.71,219.20 1 1
github.com/sentrie-sh/sentrie/runtime/builtins.go:219.20,221.3 1 1
github.com/sentrie-sh/sentrie/runtime/builtins.go:224.2,224.29 1 1
github.com/sentrie-sh/sentrie/runtime/builtins.go:224.29,226.3 1 1
github.com/sentrie-sh/sentrie/runtime/builtins.go:228.2,229.9 2 1
github.com/sentrie-sh/sentrie/runtime/builtins.go:229.9,231.3 1 1
github.com/sentrie-sh/sentrie/runtime/builtins.go:233.2,233.23 1 1
github.com/sentrie-sh/sentrie/runtime/builtins.go:237.40,239.25 2 1
github.com/sentrie-sh/sentrie/runtime/builtins.go:239.25,241.27 1 1
github.com/sentrie-sh/sentrie/runtime/builtins.go:241.27,243.4 1 1
github.com/sentrie-sh/sentrie/runtime/builtins.go:246.3,246.41 1 1
github.com/sentrie-sh/sentrie/runtime/builtins.go:246.41,248.18 2 1
github.com/sentrie-sh/sentrie/runtime/builtins.go:248.18,250.5 1 0
github.com/sentrie-sh/sentrie/runtime/builtins.go:251.4,251.33 1 1
github.com/sentrie-sh/sentrie/runtime/builtins.go:251.33,253.5 1 1
github.com/sentrie-sh/sentrie/runtime/builtins.go:254.4,255.11 2 1
github.com/sentrie-sh/sentrie/runtime/builtins.go:255.11,257.5 1 0
github.com/sentrie-sh/sentrie/runtime/builtins.go:258.4,258.45 1 1
github.com/sentrie-sh/sentrie/runtime/builtins.go:259.9,262.4 1 1
github.com/sentrie-sh/sentrie/runtime/builtins.go:265.2,265.20 1 1
github.com/sentrie-sh/sentrie/runtime/builtins.go:269.66,270.20 1 1
github.com/sentrie-sh/sentrie/runtime/builtins.go:270.20,272.3 1 1
github.com/sentrie-sh/sentrie/runtime/builtins.go:275.2,275.29 1 1
github.com/sentrie-sh/sentrie/runtime/builtins.go:275.29,277.3 1 1
github.com/sentrie-sh/sentrie/runtime/builtins.go:279.2,282.31 2 1
github.com/sentrie-sh/sentrie/runtime/builtins.go:282.31,284.29 1 1
github.com/sentrie-sh/sentrie/runtime/builtins.go:284.29,285.28 1 1
github.com/sentrie-sh/sentrie/runtime/builtins.go:285.28,287.5 1 1
github.com/sentrie-sh/sentrie/runtime/builtins.go:289.3,289.19 1 1
github.com/sentrie-sh/sentrie/runtime/builtins.go:293.2,293.22 1 1
github.com/sentrie-sh/sentrie/runtime/builtins.go:297.73,298.20 1 1
github.com/sentrie-sh/sentrie/runtime/builtins.go:298.20,300.3 1 1
github.com/sentrie-sh/sentrie/runtime/builtins.go:303.2,303.29 1 1
github.com/sentrie-sh/sentrie/runtime/builtins.go:303.29,305.3 1 1
github.com/sentrie-sh/sentrie/runtime/builtins.go:307.2,311.28 3 1
github.com/sentrie-sh/sentrie/runtime/builtins.go:311.28,313.3 1 1
github.com/sentrie-sh/sentrie/runtime/builtins.go:313.8,315.3 1 1
github.com/sentrie-sh/sentrie/runtime/builtins.go:318.2,318.47 1 1
github.com/sentrie-sh/sentrie/runtime/builtins.go:318.47,320.3 1 0
github.com/sentrie-sh/sentrie/runtime/builtins.go:324.2,324.28 1 1
github.com/sentrie-sh/sentrie/runtime/builtins.go:324.28,325.41 1 1
github.com/sentrie-sh/sentrie/runtime/builtins.go:325.41,326.42 1 1
github.com/sentrie-sh/sentrie/runtime/builtins.go:326.42,327.35 1 1
github.com/sentrie-sh/sentrie/runtime/builtins.go:327.35,329.6 1 1
github.com/sentrie-sh/sentrie/runtime/builtins.go:331.5,331.40 1 1
github.com/sentrie-sh/sentrie/runtime/builtins.go:331.40,333.6 1 1
github.com/sentrie-sh/sentrie/runtime/builtins.go:339.2,340.28 2 1
github.com/sentrie-sh/sentrie/runtime/builtins.go:340.28,341.41 1 1
github.com/sentrie-sh/sentrie/runtime/builtins.go:341.41,344.4 1 1
github.com/sentrie-sh/sentrie/runtime/builtins.go:344.9,346.4 1 1
github.com/sentrie-sh/sentrie/runtime/builtins.go:349.2,349.20 1 1
github.com/sentrie-sh/sentrie/runtime/decision.go:30.45,32.2 1 0
github.com/sentrie-sh/sentrie/runtime/decision.go:41.38,42.39 1 1
github.com/sentrie-sh/sentrie/runtime/decision.go:42.39,44.3 1 1
github.com/sentrie-sh/sentrie/runtime/decision.go:46.2,46.37 1 1
github.com/sentrie-sh/sentrie/runtime/decision.go:46.37,48.3 1 1
github.com/sentrie-sh/sentrie/runtime/decision.go:50.2,50.62 1 1
github.com/sentrie-sh/sentrie/runtime/decision.go:53.49,62.2 2 1
github.com/sentrie-sh/sentrie/runtime/err_typedef.go:31.59,33.2 1 1
github.com/sentrie-sh/sentrie/runtime/err_typedef.go:35.87,37.2 1 1
github.com/sentrie-sh/sentrie/runtime/err_typedef.go:39.42,41.2 1 1
github.com/sentrie-sh/sentrie/runtime/err_typedef.go:43.41,45.2 1 1
github.com/sentrie-sh/sentrie/runtime/eval.go:31.137,32.23 1 1
github.com/sentrie-sh/sentrie/runtime/eval.go:34.39,36.40 1 1
github.com/sentrie-sh/sentrie/runtime/eval.go:38.38,40.40 1 1
github.com/sentrie-sh/sentrie/runtime/eval.go:42.24,47.19 5 1
github.com/sentrie-sh/sentrie/runtime/eval.go:49.27,54.19 5 1
github.com/sentrie-sh/sentrie/runtime/eval.go:56.27,61.19 5 1
github.com/sentrie-sh/sentrie/runtime/eval.go:63.25,68.19 5 1
github.com/sentrie-sh/sentrie/runtime/eval.go:70.26,76.19 5 1
github.com/sentrie-sh/sentrie/runtime/eval.go:78.24,83.31 4 1
github.com/sentrie-sh/sentrie/runtime/eval.go:83.31,86.18 3 1
github.com/sentrie-sh/sentrie/runtime/eval.go:86.18,88.5 1 0
github.com/sentrie-sh/sentrie/runtime/eval.go:89.4,89.24 1 1
github.com/sentrie-sh/sentrie/runtime/eval.go:91.3,92.42 2 1
github.com/sentrie-sh/sentrie/runtime/eval.go:94.23,99.32 4 1
github.com/sentrie-sh/sentrie/runtime/eval.go:99.32,102.18 3 1
github.com/sentrie-sh/sentrie/runtime/eval.go:102.18,104.5 1 0
github.com/sentrie-sh/sentrie/runtime/eval.go:105.4,106.11 2 1
github.com/sentrie-sh/sentrie/runtime/eval.go:106.11,109.5 2 1
github.com/sentrie-sh/sentrie/runtime/eval.go:111.4,113.18 3 1
github.com/sentrie-sh/sentrie/runtime/eval.go:113.18,115.5 1 0
github.com/sentrie-sh/sentrie/runtime/eval.go:116.4,116.19 1 1
github.com/sentrie-sh/sentrie/runtime/eval.go:118.3,119.42 2 1
github.com/sentrie-sh/sentrie/runtime/eval.go:121.23,122.40 1 1
github.com/sentrie-sh/sentrie/runtime/eval.go:124.27,125.39 1 1
github.com/sentrie-sh/sentrie/runtime/eval.go:127.28,128.40 1 1
github.com/sentrie-sh/sentrie/runtime/eval.go:130.28,131.40 1 1
github.com/sentrie-sh/sentrie/runtime/eval.go:133.28,134.40 1 1
github.com/sentrie-sh/sentrie/runtime/eval.go:136.34,137.46 1 1
github.com/sentrie-sh/sentrie/runtime/eval.go:139.34,140.46 1 1
github.com/sentrie-sh/sentrie/runtime/eval.go:142.27,143.39 1 1
github.com/sentrie-sh/sentrie/runtime/eval.go:145.25,146.45 1 1
github.com/sentrie-sh/sentrie/runtime/eval.go:148.30,149.42 1 1
github.com/sentrie-sh/sentrie/runtime/eval.go:151.26,152.38 1 1
github.com/sentrie-sh/sentrie/runtime/eval.go:154.26,155.38 1 1
github.com/sentrie-sh/sentrie/runtime/eval.go:157.28,158.40 1 1
github.com/sentrie-sh/sentrie/runtime/eval.go:160.29,161.41 1 1
github.com/sentrie-sh/sentrie/runtime/eval.go:163.29,164.41 1 1
github.com/sentrie-sh/sentrie/runtime/eval.go:166.26,167.38 1 1
github.com/sentrie-sh/sentrie/runtime/eval.go:169.32,170.44 1 1
github.com/sentrie-sh/sentrie/runtime/eval.go:172.31,173.43 1 1
github.com/sentrie-sh/sentrie/runtime/eval.go:175.10,177.66 2 0
github.com/sentrie-sh/sentrie/runtime/eval_access.go:28.160,35.16 4 1
github.com/sentrie-sh/sentrie/runtime/eval_access.go:35.16,37.3 1 0
github.com/sentrie-sh/sentrie/runtime/eval_access.go:38.2,41.23 4 1
github.com/sentrie-sh/sentrie/runtime/eval_access.go:44.160,51.16 4 1
github.com/sentrie-sh/sentrie/runtime/eval_access.go:51.16,53.3 1 0
github.com/sentrie-sh/sentrie/runtime/eval_access.go:54.2,58.16 4 1
github.com/sentrie-sh/sentrie/runtime/eval_access.go:58.16,60.3 1 0
github.com/sentrie-sh/sentrie/runtime/eval_access.go:61.2,63.23 3 1
github.com/sentrie-sh/sentrie/runtime/eval_access.go:66.77,67.23 1 1
github.com/sentrie-sh/sentrie/runtime/eval_access.go:67.23,69.3 1 0
github.com/sentrie-sh/sentrie/runtime/eval_access.go:70.2,70.33 1 1
github.com/sentrie-sh/sentrie/runtime/eval_access.go:70.33,71.36 1 1
github.com/sentrie-sh/sentrie/runtime/eval_access.go:71.36,73.4 1 1
github.com/sentrie-sh/sentrie/runtime/eval_access.go:74.3,74.26 1 1
github.com/sentrie-sh/sentrie/runtime/eval_access.go:76.2,76.31 1 0
github.com/sentrie-sh/sentrie/runtime/eval_access.go:77.22,78.28 1 0
github.com/sentrie-sh/sentrie/runtime/eval_access.go:78.28,80.4 1 0
github.com/sentrie-sh/sentrie/runtime/eval_access.go:81.3,81.26 1 0
github.com/sentrie-sh/sentrie/runtime/eval_access.go:82.23,83.16 1 0
github.com/sentrie-sh/sentrie/runtime/eval_access.go:84.16,85.41 1 0
github.com/sentrie-sh/sentrie/runtime/eval_access.go:86.16,87.32 1 0
github.com/sentrie-sh/sentrie/runtime/eval_access.go:88.11,89.41 1 0
github.com/sentrie-sh/sentrie/runtime/eval_access.go:89.41,91.5 1 0
github.com/sentrie-sh/sentrie/runtime/eval_access.go:92.4,92.27 1 0
github.com/sentrie-sh/sentrie/runtime/eval_access.go:94.10,95.75 1 0
github.com/sentrie-sh/sentrie/runtime/eval_access.go:99.74,100.23 1 1
github.com/sentrie-sh/sentrie/runtime/eval_access.go:100.23,102.3 1 0
github.com/sentrie-sh/sentrie/runtime/eval_access.go:103.2,103.34 1 1
github.com/sentrie-sh/sentrie/runtime/eval_access.go:103.34,106.27 3 1
github.com/sentrie-sh/sentrie/runtime/eval_access.go:106.27,108.4 1 0
github.com/sentrie-sh/sentrie/runtime/eval_access.go:109.3,109.19 1 1
github.com/sentrie-sh/sentrie/runtime/eval_access.go:111.2,111.33 1 1
github.com/sentrie-sh/sentrie/runtime/eval_access.go:111.33,112.39 1 0
github.com/sentrie-sh/sentrie/runtime/eval_access.go:112.39,113.33 1 0
github.com/sentrie-sh/sentrie/runtime/eval_access.go:113.33,115.5 1 0
github.com/sentrie-sh/sentrie/runtime/eval_access.go:117.3,117.26 1 0
github.com/sentrie-sh/sentrie/runtime/eval_access.go:119.2,119.31 1 1
github.com/sentrie-sh/sentrie/runtime/eval_access.go:120.13,123.27 3 0
github.com/sentrie-sh/sentrie/runtime/eval_access.go:123.27,125.4 1 0
github.com/sentrie-sh/sentrie/runtime/eval_access.go:126.3,126.36 1 0
github.com/sentrie-sh/sentrie/runtime/eval_access.go:127.22,128.37 1 1
github.com/sentrie-sh/sentrie/runtime/eval_access.go:128.37,129.33 1 1
github.com/sentrie-sh/sentrie/runtime/eval_access.go:129.33,131.5 1 0
github.com/sentrie-sh/sentrie/runtime/eval_access.go:132.4,132.27 1 1
github.com/sentrie-sh/sentrie/runtime/eval_access.go:134.3,134.26 1 0
github.com/sentrie-sh/sentrie/runtime/eval_access.go:135.10,136.70 1 0
github.com/sentrie-sh/sentrie/runtime/eval_block.go:27.152,34.37 5 1
github.com/sentrie-sh/sentrie/runtime/eval_block.go:34.37,35.25 1 1
github.com/sentrie-sh/sentrie/runtime/eval_block.go:36.28,37.52 1 1
github.com/sentrie-sh/sentrie/runtime/eval_block.go:37.52,39.5 1 1
github.com/sentrie-sh/sentrie/runtime/eval_block.go:40.30,41.14 1 0
github.com/sentrie-sh/sentrie/runtime/eval_block.go:42.11,43.35 1 0
github.com/sentrie-sh/sentrie/runtime/eval_block.go:47.2,48.16 2 1
github.com/sentrie-sh/sentrie/runtime/eval_block.go:48.16,50.3 1 0
github.com/sentrie-sh/sentrie/runtime/eval_block.go:51.2,52.20 2 1
github.com/sentrie-sh/sentrie/runtime/eval_call.go:33.169,41.32 4 1
github.com/sentrie-sh/sentrie/runtime/eval_call.go:41.32,44.17 3 1
github.com/sentrie-sh/sentrie/runtime/eval_call.go:44.17,46.4 1 0
github.com/sentrie-sh/sentrie/runtime/eval_call.go:47.3,47.25 1 1
github.com/sentrie-sh/sentrie/runtime/eval_call.go:50.2,51.16 2 1
github.com/sentrie-sh/sentrie/runtime/eval_call.go:51.16,53.3 1 1
github.com/sentrie-sh/sentrie/runtime/eval_call.go:56.2,56.75 1 1
github.com/sentrie-sh/sentrie/runtime/eval_call.go:56.75,57.18 1 1
github.com/sentrie-sh/sentrie/runtime/eval_call.go:57.18,59.4 1 1
github.com/sentrie-sh/sentrie/runtime/eval_call.go:61.3,62.26 2 1
github.com/sentrie-sh/sentrie/runtime/eval_call.go:62.26,64.4 1 0
github.com/sentrie-sh/sentrie/runtime/eval_call.go:66.3,67.64 2 1
github.com/sentrie-sh/sentrie/runtime/eval_call.go:67.64,69.4 1 1
github.com/sentrie-sh/sentrie/runtime/eval_call.go:70.3,71.17 2 1
github.com/sentrie-sh/sentrie/runtime/eval_call.go:71.17,73.4 1 0
github.com/sentrie-sh/sentrie/runtime/eval_call.go:74.3,75.9 2 1
github.com/sentrie-sh/sentrie/runtime/eval_call.go:75.9,77.4 1 1
github.com/sentrie-sh/sentrie/runtime/eval_call.go:78.3,78.27 1 0
github.com/sentrie-sh/sentrie/runtime/eval_call.go:82.2,83.16 2 1
github.com/sentrie-sh/sentrie/runtime/eval_call.go:83.16,84.43 1 1
github.com/sentrie-sh/sentrie/runtime/eval_call.go:84.43,87.4 1 1
github.com/sentrie-sh/sentrie/runtime/eval_call.go:88.3,89.37 2 1
github.com/sentrie-sh/sentrie/runtime/eval_call.go:91.2,91.41 1 1
github.com/sentrie-sh/sentrie/runtime/eval_call.go:95.46,97.21 2 1
github.com/sentrie-sh/sentrie/runtime/eval_call.go:97.21,99.3 1 1
github.com/sentrie-sh/sentrie/runtime/eval_call.go:100.2,100.27 1 1
github.com/sentrie-sh/sentrie/runtime/eval_call.go:103.70,105.25 2 1
github.com/sentrie-sh/sentrie/runtime/eval_call.go:105.25,107.3 1 1
github.com/sentrie-sh/sentrie/runtime/eval_call.go:108.2,109.16 2 1
github.com/sentrie-sh/sentrie/runtime/eval_call.go:109.16,111.3 1 0
github.com/sentrie-sh/sentrie/runtime/eval_call.go:112.2,112.44 1 1
github.com/sentrie-sh/sentrie/runtime/eval_call.go:115.153,119.41 2 1
github.com/sentrie-sh/sentrie/runtime/eval_call.go:119.41,120.66 1 1
github.com/sentrie-sh/sentrie/runtime/eval_call.go:120.66,122.27 2 1
github.com/sentrie-sh/sentrie/runtime/eval_call.go:122.27,124.5 1 1
github.com/sentrie-sh/sentrie/runtime/eval_call.go:125.4,126.36 2 1
github.com/sentrie-sh/sentrie/runtime/eval_call.go:131.2,134.30 2 1
github.com/sentrie-sh/sentrie/runtime/eval_call.go:134.30,137.3 2 1
github.com/sentrie-sh/sentrie/runtime/eval_call.go:139.2,140.9 2 1
github.com/sentrie-sh/sentrie/runtime/eval_call.go:140.9,143.3 2 1
github.com/sentrie-sh/sentrie/runtime/eval_call.go:145.2,145.65 1 1
github.com/sentrie-sh/sentrie/runtime/eval_call.go:145.65,147.26 2 1
github.com/sentrie-sh/sentrie/runtime/eval_call.go:147.26,149.4 1 1
github.com/sentrie-sh/sentrie/runtime/eval_call.go:150.3,151.35 2 1
github.com/sentrie-sh/sentrie/runtime/eval_cast.go:30.146,38.16 5 1
github.com/sentrie-sh/sentrie/runtime/eval_cast.go:38.16,40.3 1 0
github.com/sentrie-sh/sentrie/runtime/eval_cast.go:41.2,44.15 3 1
github.com/sentrie-sh/sentrie/runtime/eval_cast.go:44.15,45.31 1 1
github.com/sentrie-sh/sentrie/runtime/eval_cast.go:45.31,51.4 3 0
github.com/sentrie-sh/sentrie/runtime/eval_cast.go:53.3,53.23 1 1
github.com/sentrie-sh/sentrie/runtime/eval_cast.go:53.23,55.120 1 1
github.com/sentrie-sh/sentrie/runtime/eval_cast.go:55.120,59.5 3 1
github.com/sentrie-sh/sentrie/runtime/eval_cast.go:63.2,63.23 1 1
github.com/sentrie-sh/sentrie/runtime/eval_cast.go:64.26,65.32 1 0
github.com/sentrie-sh/sentrie/runtime/eval_cast.go:67.26,68.37 1 1
github.com/sentrie-sh/sentrie/runtime/eval_cast.go:68.37,70.4 1 0
github.com/sentrie-sh/sentrie/runtime/eval_cast.go:70.9,70.44 1 1
github.com/sentrie-sh/sentrie/runtime/eval_cast.go:70.44,72.23 2 1
github.com/sentrie-sh/sentrie/runtime/eval_cast.go:72.23,74.5 1 1
github.com/sentrie-sh/sentrie/runtime/eval_cast.go:75.4,75.25 1 1
github.com/sentrie-sh/sentrie/runtime/eval_cast.go:76.9,76.42 1 1
github.com/sentrie-sh/sentrie/runtime/eval_cast.go:76.42,77.9 1 1
github.com/sentrie-sh/sentrie/runtime/eval_cast.go:77.9,79.5 1 1
github.com/sentrie-sh/sentrie/runtime/eval_cast.go:79.10,81.5 1 0
github.com/sentrie-sh/sentrie/runtime/eval_cast.go:82.9,85.4 2 0
github.com/sentrie-sh/sentrie/runtime/eval_cast.go:87.27,88.44 1 0
github.com/sentrie-sh/sentrie/runtime/eval_cast.go:90.24,91.30 1 1
github.com/sentrie-sh/sentrie/runtime/eval_cast.go:91.30,94.4 2 1
github.com/sentrie-sh/sentrie/runtime/eval_cast.go:95.3,95.15 1 0
github.com/sentrie-sh/sentrie/runtime/eval_cast.go:97.23,98.29 1 0
github.com/sentrie-sh/sentrie/runtime/eval_cast.go:98.29,101.4 2 0
github.com/sentrie-sh/sentrie/runtime/eval_cast.go:102.3,102.15 1 0
github.com/sentrie-sh/sentrie/runtime/eval_cast.go:104.25,105.15 1 0
github.com/sentrie-sh/sentrie/runtime/eval_cast.go:107.10,108.15 1 0
github.com/sentrie-sh/sentrie/runtime/eval_cast.go:111.2,111.62 1 1
github.com/sentrie-sh/sentrie/runtime/eval_distinct.go:30.154,40.16 5 1
github.com/sentrie-sh/sentrie/runtime/eval_distinct.go:40.16,42.3 1 0
github.com/sentrie-sh/sentrie/runtime/eval_distinct.go:44.2,45.9 2 1
github.com/sentrie-sh/sentrie/runtime/eval_distinct.go:45.9,47.3 1 1
github.com/sentrie-sh/sentrie/runtime/eval_distinct.go:49.2,49.19 1 1
github.com/sentrie-sh/sentrie/runtime/eval_distinct.go:49.19,52.3 1 1
github.com/sentrie-sh/sentrie/runtime/eval_distinct.go:55.2,70.20 5 1
github.com/sentrie-sh/sentrie/runtime/eval_distinct.go:70.20,77.44 4 1
github.com/sentrie-sh/sentrie/runtime/eval_distinct.go:77.44,84.18 7 1
github.com/sentrie-sh/sentrie/runtime/eval_distinct.go:84.18,86.5 1 1
github.com/sentrie-sh/sentrie/runtime/eval_distinct.go:87.4,87.40 1 1
github.com/sentrie-sh/sentrie/runtime/eval_distinct.go:87.40,89.10 2 1
github.com/sentrie-sh/sentrie/runtime/eval_distinct.go:94.3,94.18 1 1
github.com/sentrie-sh/sentrie/runtime/eval_distinct.go:94.18,96.4 1 1
github.com/sentrie-sh/sentrie/runtime/eval_distinct.go:99.2,101.37 2 1
github.com/sentrie-sh/sentrie/runtime/eval_ident.go:29.143,34.39 3 1
github.com/sentrie-sh/sentrie/runtime/eval_ident.go:34.39,36.3 1 1
github.com/sentrie-sh/sentrie/runtime/eval_ident.go:39.2,39.38 1 1
github.com/sentrie-sh/sentrie/runtime/eval_ident.go:39.38,41.3 1 1
github.com/sentrie-sh/sentrie/runtime/eval_ident.go:44.2,44.37 1 1
github.com/sentrie-sh/sentrie/runtime/eval_ident.go:44.37,46.50 1 1
github.com/sentrie-sh/sentrie/runtime/eval_ident.go:46.50,48.4 1 0
github.com/sentrie-sh/sentrie/runtime/eval_ident.go:49.3,54.17 4 1
github.com/sentrie-sh/sentrie/runtime/eval_ident.go:54.17,56.4 1 0
github.com/sentrie-sh/sentrie/runtime/eval_ident.go:59.3,59.20 1 1
github.com/sentrie-sh/sentrie/runtime/eval_ident.go:59.20,60.101 1 0
github.com/sentrie-sh/sentrie/runtime/eval_ident.go:60.101,62.5 1 0
github.com/sentrie-sh/sentrie/runtime/eval_ident.go:65.3,66.42 2 1
github.com/sentrie-sh/sentrie/runtime/eval_ident.go:69.2,69.41 1 1
github.com/sentrie-sh/sentrie/runtime/eval_ident.go:69.41,72.17 3 0
github.com/sentrie-sh/sentrie/runtime/eval_ident.go:72.17,74.4 1 0
github.com/sentrie-sh/sentrie/runtime/eval_ident.go:75.3,76.64 2 0
github.com/sentrie-sh/sentrie/runtime/eval_ident.go:79.2,80.36 2 1
github.com/sentrie-sh/sentrie/runtime/eval_infix.go:32.149,40.16 5 1
github.com/sentrie-sh/sentrie/runtime/eval_infix.go:40.16,42.3 1 0
github.com/sentrie-sh/sentrie/runtime/eval_infix.go:43.2,45.16 3 1
github.com/sentrie-sh/sentrie/runtime/eval_infix.go:45.16,47.3 1 0
github.com/sentrie-sh/sentrie/runtime/eval_infix.go:49.2,49.40 1 1
github.com/sentrie-sh/sentrie/runtime/eval_infix.go:49.40,51.3 1 1
github.com/sentrie-sh/sentrie/runtime/eval_infix.go:53.2,53.21 1 1
github.com/sentrie-sh/sentrie/runtime/eval_infix.go:54.11,55.36 1 1
github.com/sentrie-sh/sentrie/runtime/eval_infix.go:55.36,58.4 2 1
github.com/sentrie-sh/sentrie/runtime/eval_infix.go:59.3,59.36 1 1
github.com/sentrie-sh/sentrie/runtime/eval_infix.go:59.36,62.4 2 1
github.com/sentrie-sh/sentrie/runtime/eval_infix.go:63.3,64.17 2 1
github.com/sentrie-sh/sentrie/runtime/eval_infix.go:64.17,66.4 1 1
github.com/sentrie-sh/sentrie/runtime/eval_infix.go:67.3,68.45 2 1
github.com/sentrie-sh/sentrie/runtime/eval_infix.go:69.11,71.17 2 1
github.com/sentrie-sh/sentrie/runtime/eval_infix.go:71.17,73.4 1 1
github.com/sentrie-sh/sentrie/runtime/eval_infix.go:74.3,75.45 2 1
github.com/sentrie-sh/sentrie/runtime/eval_infix.go:76.11,78.17 2 1
github.com/sentrie-sh/sentrie/runtime/eval_infix.go:78.17,80.4 1 0
github.com/sentrie-sh/sentrie/runtime/eval_infix.go:81.3,82.45 2 1
github.com/sentrie-sh/sentrie/runtime/eval_infix.go:83.11,85.17 2 1
github.com/sentrie-sh/sentrie/runtime/eval_infix.go:85.17,87.4 1 0
github.com/sentrie-sh/sentrie/runtime/eval_infix.go:88.3,88.14 1 1
github.com/sentrie-sh/sentrie/runtime/eval_infix.go:88.14,91.4 2 1
github.com/sentrie-sh/sentrie/runtime/eval_infix.go:92.3,93.45 2 1
github.com/sentrie-sh/sentrie/runtime/eval_infix.go:94.11,96.17 2 1
github.com/sentrie-sh/sentrie/runtime/eval_infix.go:96.17,98.4 1 0
github.com/sentrie-sh/sentrie/runtime/eval_infix.go:99.3,99.14 1 1
github.com/sentrie-sh/sentrie/runtime/eval_infix.go:99.14,102.4 2 1
github.com/sentrie-sh/sentrie/runtime/eval_infix.go:103.3,104.45 2 1
github.com/sentrie-sh/sentrie/runtime/eval_infix.go:106.18,108.45 2 1
github.com/sentrie-sh/sentrie/runtime/eval_infix.go:109.12,111.45 2 1
github.com/sentrie-sh/sentrie/runtime/eval_infix.go:112.11,114.17 2 1
github.com/sentrie-sh/sentrie/runtime/eval_infix.go:114.17,116.4 1 1
github.com/sentrie-sh/sentrie/runtime/eval_infix.go:117.3,118.45 2 1
github.com/sentrie-sh/sentrie/runtime/eval_infix.go:119.12,121.17 2 1
github.com/sentrie-sh/sentrie/runtime/eval_infix.go:121.17,123.4 1 0
github.com/sentrie-sh/sentrie/runtime/eval_infix.go:124.3,125.45 2 1
github.com/sentrie-sh/sentrie/runtime/eval_infix.go:126.11,128.17 2 1
github.com/sentrie-sh/sentrie/runtime/eval_infix.go:128.17,130.4 1 0
github.com/sentrie-sh/sentrie/runtime/eval_infix.go:131.3,132.45 2 1
github.com/sentrie-sh/sentrie/runtime/eval_infix.go:133.12,135.17 2 1
github.com/sentrie-sh/sentrie/runtime/eval_infix.go:135.17,137.4 1 0
github.com/sentrie-sh/sentrie/runtime/eval_infix.go:138.3,139.45 2 1
github.com/sentrie-sh/sentrie/runtime/eval_infix.go:141.13,143.45 2 1
github.com/sentrie-sh/sentrie/runtime/eval_infix.go:145.12,147.45 2 1
github.com/sentrie-sh/sentrie/runtime/eval_infix.go:149.13,153.45 4 1
github.com/sentrie-sh/sentrie/runtime/eval_infix.go:155.12,157.45 2 1
github.com/sentrie-sh/sentrie/runtime/eval_infix.go:159.18,161.45 2 1
github.com/sentrie-sh/sentrie/runtime/eval_infix.go:163.17,165.17 2 1
github.com/sentrie-sh/sentrie/runtime/eval_infix.go:165.17,167.4 1 1
github.com/sentrie-sh/sentrie/runtime/eval_infix.go:168.3,169.41 2 1
github.com/sentrie-sh/sentrie/runtime/eval_infix.go:171.10,173.40 2 1
github.com/sentrie-sh/sentrie/runtime/eval_infix.go:177.60,179.9 2 1
github.com/sentrie-sh/sentrie/runtime/eval_infix.go:179.9,181.3 1 1
github.com/sentrie-sh/sentrie/runtime/eval_infix.go:182.2,183.9 2 1
github.com/sentrie-sh/sentrie/runtime/eval_infix.go:183.9,185.3 1 1
github.com/sentrie-sh/sentrie/runtime/eval_infix.go:186.2,186.18 1 1
github.com/sentrie-sh/sentrie/runtime/eval_infix.go:189.35,190.26 1 1
github.com/sentrie-sh/sentrie/runtime/eval_infix.go:190.26,194.3 3 1
github.com/sentrie-sh/sentrie/runtime/eval_infix.go:196.2,196.18 1 1
github.com/sentrie-sh/sentrie/runtime/eval_infix.go:197.33,198.14 1 1
github.com/sentrie-sh/sentrie/runtime/eval_infix.go:199.17,202.18 3 1
github.com/sentrie-sh/sentrie/runtime/eval_infix.go:203.19,206.18 3 1
github.com/sentrie-sh/sentrie/runtime/eval_infix.go:207.19,210.18 3 1
github.com/sentrie-sh/sentrie/runtime/eval_infix.go:211.20,214.18 3 1
github.com/sentrie-sh/sentrie/runtime/eval_infix.go:215.17,218.25 3 1
github.com/sentrie-sh/sentrie/runtime/eval_infix.go:218.25,220.4 1 1
github.com/sentrie-sh/sentrie/runtime/eval_infix.go:221.3,221.21 1 1
github.com/sentrie-sh/sentrie/runtime/eval_infix.go:221.21,222.34 1 1
github.com/sentrie-sh/sentrie/runtime/eval_infix.go:222.34,224.5 1 1
github.com/sentrie-sh/sentrie/runtime/eval_infix.go:226.3,226.14 1 1
github.com/sentrie-sh/sentrie/runtime/eval_infix.go:227.16,230.25 3 1
github.com/sentrie-sh/sentrie/runtime/eval_infix.go:230.25,232.4 1 1
github.com/sentrie-sh/sentrie/runtime/eval_infix.go:233.3,233.25 1 1
github.com/sentrie-sh/sentrie/runtime/eval_infix.go:233.25,235.35 2 1
github.com/sentrie-sh/sentrie/runtime/eval_infix.go:235.35,237.5 1 1
github.com/sentrie-sh/sentrie/runtime/eval_infix.go:239.3,239.14 1 1
github.com/sentrie-sh/sentrie/runtime/eval_infix.go:240.19,241.24 1 1
github.com/sentrie-sh/sentrie/runtime/eval_infix.go:242.10,243.15 1 0
github.com/sentrie-sh/sentrie/runtime/eval_infix.go:247.58,249.9 2 1
github.com/sentrie-sh/sentrie/runtime/eval_infix.go:249.9,251.3 1 1
github.com/sentrie-sh/sentrie/runtime/eval_infix.go:252.2,253.9 2 1
github.com/sentrie-sh/sentrie/runtime/eval_infix.go:253.9,255.3 1 1
github.com/sentrie-sh/sentrie/runtime/eval_infix.go:256.2,256.33 1 1
github.com/sentrie-sh/sentrie/runtime/eval_infix.go:259.49,260.25 1 1
github.com/sentrie-sh/sentrie/runtime/eval_infix.go:261.19,264.49 3 1
github.com/sentrie-sh/sentrie/runtime/eval_infix.go:265.17,267.24 2 1
github.com/sentrie-sh/sentrie/runtime/eval_infix.go:267.24,268.30 1 1
github.com/sentrie-sh/sentrie/runtime/eval_infix.go:268.30,270.5 1 1
github.com/sentrie-sh/sentrie/runtime/eval_infix.go:272.3,272.15 1 1
github.com/sentrie-sh/sentrie/runtime/eval_infix.go:273.16,275.40 2 1
github.com/sentrie-sh/sentrie/runtime/eval_infix.go:275.40,278.4 2 1
github.com/sentrie-sh/sentrie/runtime/eval_infix.go:279.3,279.39 1 1
github.com/sentrie-sh/sentrie/runtime/eval_infix.go:279.39,280.26 1 1
github.com/sentrie-sh/sentrie/runtime/eval_infix.go:280.26,282.13 2 1
github.com/sentrie-sh/sentrie/runtime/eval_infix.go:282.13,284.6 1 1
github.com/sentrie-sh/sentrie/runtime/eval_infix.go:285.5,285.28 1 1
github.com/sentrie-sh/sentrie/runtime/eval_infix.go:285.28,287.6 1 1
github.com/sentrie-sh/sentrie/runtime/eval_infix.go:289.4,289.15 1 1
github.com/sentrie-sh/sentrie/runtime/eval_infix.go:291.3,291.23 1 1
github.com/sentrie-sh/sentrie/runtime/eval_infix.go:291.23,292.30 1 1
github.com/sentrie-sh/sentrie/runtime/eval_infix.go:292.30,294.5 1 1
github.com/sentrie-sh/sentrie/runtime/eval_infix.go:296.3,296.15 1 1
github.com/sentrie-sh/sentrie/runtime/eval_infix.go:297.10,298.15 1 1
github.com/sentrie-sh/sentrie/runtime/eval_quantifier.go:29.144,40.16 5 1
github.com/sentrie-sh/sentrie/runtime/eval_quantifier.go:40.16,42.3 1 0
github.com/sentrie-sh/sentrie/runtime/eval_quantifier.go:44.2,44.23 1 1
github.com/sentrie-sh/sentrie/runtime/eval_quantifier.go:44.23,46.3 1 1
github.com/sentrie-sh/sentrie/runtime/eval_quantifier.go:48.2,49.9 2 1
github.com/sentrie-sh/sentrie/runtime/eval_quantifier.go:49.9,51.3 1 0
github.com/sentrie-sh/sentrie/runtime/eval_quantifier.go:53.2,53.30 1 1
github.com/sentrie-sh/sentrie/runtime/eval_quantifier.go:53.30,55.24 2 1
github.com/sentrie-sh/sentrie/runtime/eval_quantifier.go:55.24,57.4 1 0
github.com/sentrie-sh/sentrie/runtime/eval_quantifier.go:58.3,60.17 3 1
github.com/sentrie-sh/sentrie/runtime/eval_quantifier.go:60.17,62.4 1 0
github.com/sentrie-sh/sentrie/runtime/eval_quantifier.go:63.3,65.39 3 1
github.com/sentrie-sh/sentrie/runtime/eval_quantifier.go:65.39,67.4 1 1
github.com/sentrie-sh/sentrie/runtime/eval_quantifier.go:71.2,71.31 1 0
github.com/sentrie-sh/sentrie/runtime/eval_quantifier.go:76.144,87.16 5 1
github.com/sentrie-sh/sentrie/runtime/eval_quantifier.go:87.16,89.3 1 0
github.com/sentrie-sh/sentrie/runtime/eval_quantifier.go:91.2,91.23 1 1
github.com/sentrie-sh/sentrie/runtime/eval_quantifier.go:91.23,93.3 1 0
github.com/sentrie-sh/sentrie/runtime/eval_quantifier.go:95.2,96.9 2 1
github.com/sentrie-sh/sentrie/runtime/eval_quantifier.go:96.9,98.3 1 1
github.com/sentrie-sh/sentrie/runtime/eval_quantifier.go:100.2,100.30 1 1
github.com/sentrie-sh/sentrie/runtime/eval_quantifier.go:100.30,102.24 2 1
github.com/sentrie-sh/sentrie/runtime/eval_quantifier.go:102.24,104.4 1 0
github.com/sentrie-sh/sentrie/runtime/eval_quantifier.go:105.3,107.17 3 1
github.com/sentrie-sh/sentrie/runtime/eval_quantifier.go:107.17,109.4 1 0
github.com/sentrie-sh/sentrie/runtime/eval_quantifier.go:110.3,112.40 3 1
github.com/sentrie-sh/sentrie/runtime/eval_quantifier.go:112.40,114.4 1 0
github.com/sentrie-sh/sentrie/runtime/eval_quantifier.go:117.2,117.30 1 1
github.com/sentrie-sh/sentrie/runtime/eval_quantifier.go:123.148,134.16 5 1
github.com/sentrie-sh/sentrie/runtime/eval_quantifier.go:134.16,136.3 1 0
github.com/sentrie-sh/sentrie/runtime/eval_quantifier.go:138.2,138.23 1 1
github.com/sentrie-sh/sentrie/runtime/eval_quantifier.go:138.23,140.3 1 0
github.com/sentrie-sh/sentrie/runtime/eval_quantifier.go:142.2,143.9 2 1
github.com/sentrie-sh/sentrie/runtime/eval_quantifier.go:143.9,145.3 1 0
github.com/sentrie-sh/sentrie/runtime/eval_quantifier.go:147.2,147.30 1 1
github.com/sentrie-sh/sentrie/runtime/eval_quantifier.go:147.30,149.24 2 1
github.com/sentrie-sh/sentrie/runtime/eval_quantifier.go:149.24,151.4 1 0
github.com/sentrie-sh/sentrie/runtime/eval_quantifier.go:152.3,154.17 3 1
github.com/sentrie-sh/sentrie/runtime/eval_quantifier.go:154.17,156.4 1 0
github.com/sentrie-sh/sentrie/runtime/eval_quantifier.go:157.3,159.39 3 1
github.com/sentrie-sh/sentrie/runtime/eval_quantifier.go:159.39,161.4 1 1
github.com/sentrie-sh/sentrie/runtime/eval_quantifier.go:166.2,166.54 1 1
github.com/sentrie-sh/sentrie/runtime/eval_quantifier.go:172.150,183.16 5 1
github.com/sentrie-sh/sentrie/runtime/eval_quantifier.go:183.16,185.3 1 0
github.com/sentrie-sh/sentrie/runtime/eval_quantifier.go:187.2,187.23 1 1
github.com/sentrie-sh/sentrie/runtime/eval_quantifier.go:187.23,189.3 1 0
github.com/sentrie-sh/sentrie/runtime/eval_quantifier.go:191.2,192.9 2 1
github.com/sentrie-sh/sentrie/runtime/eval_quantifier.go:192.9,194.3 1 0
github.com/sentrie-sh/sentrie/runtime/eval_quantifier.go:195.2,197.30 2 1
github.com/sentrie-sh/sentrie/runtime/eval_quantifier.go:197.30,199.24 2 1
github.com/sentrie-sh/sentrie/runtime/eval_quantifier.go:199.24,201.4 1 1
github.com/sentrie-sh/sentrie/runtime/eval_quantifier.go:202.3,204.17 3 1
github.com/sentrie-sh/sentrie/runtime/eval_quantifier.go:204.17,206.4 1 0
github.com/sentrie-sh/sentrie/runtime/eval_quantifier.go:207.3,210.39 3 1
github.com/sentrie-sh/sentrie/runtime/eval_quantifier.go:210.39,212.4 1 1
github.com/sentrie-sh/sentrie/runtime/eval_quantifier.go:215.2,215.34 1 1
github.com/sentrie-sh/sentrie/runtime/eval_quantifier.go:218.144,229.16 5 1
github.com/sentrie-sh/sentrie/runtime/eval_quantifier.go:229.16,231.3 1 0
github.com/sentrie-sh/sentrie/runtime/eval_quantifier.go:233.2,234.9 2 1
github.com/sentrie-sh/sentrie/runtime/eval_quantifier.go:234.9,236.3 1 0
github.com/sentrie-sh/sentrie/runtime/eval_quantifier.go:238.2,239.30 2 1
github.com/sentrie-sh/sentrie/runtime/eval_quantifier.go:239.30,245.17 6 1
github.com/sentrie-sh/sentrie/runtime/eval_quantifier.go:245.17,247.4 1 0
github.com/sentrie-sh/sentrie/runtime/eval_quantifier.go:248.3,249.41 2 1
github.com/sentrie-sh/sentrie/runtime/eval_quantifier.go:252.2,252.37 1 1
github.com/sentrie-sh/sentrie/runtime/eval_reduce.go:28.150,41.16 5 1
github.com/sentrie-sh/sentrie/runtime/eval_reduce.go:41.16,43.3 1 0
github.com/sentrie-sh/sentrie/runtime/eval_reduce.go:45.2,45.23 1 1
github.com/sentrie-sh/sentrie/runtime/eval_reduce.go:45.23,47.3 1 1
github.com/sentrie-sh/sentrie/runtime/eval_reduce.go:49.2,50.9 2 1
github.com/sentrie-sh/sentrie/runtime/eval_reduce.go:50.9,52.3 1 1
github.com/sentrie-sh/sentrie/runtime/eval_reduce.go:54.2,55.16 2 1
github.com/sentrie-sh/sentrie/runtime/eval_reduce.go:55.16,57.3 1 0
github.com/sentrie-sh/sentrie/runtime/eval_reduce.go:58.2,60.30 2 1
github.com/sentrie-sh/sentrie/runtime/eval_reduce.go:60.30,64.28 4 1
github.com/sentrie-sh/sentrie/runtime/eval_reduce.go:64.28,66.4 1 0
github.com/sentrie-sh/sentrie/runtime/eval_reduce.go:67.3,69.17 3 1
github.com/sentrie-sh/sentrie/runtime/eval_reduce.go:69.17,71.4 1 0
github.com/sentrie-sh/sentrie/runtime/eval_reduce.go:72.3,72.21 1 1
github.com/sentrie-sh/sentrie/runtime/eval_reduce.go:75.2,75.31 1 1
github.com/sentrie-sh/sentrie/runtime/eval_ternary.go:28.152,34.16 5 1
github.com/sentrie-sh/sentrie/runtime/eval_ternary.go:34.16,36.3 1 0
github.com/sentrie-sh/sentrie/runtime/eval_ternary.go:37.2,37.36 1 1
github.com/sentrie-sh/sentrie/runtime/eval_ternary.go:37.36,42.3 4 1
github.com/sentrie-sh/sentrie/runtime/eval_ternary.go:43.2,46.18 4 1
github.com/sentrie-sh/sentrie/runtime/eval_transform.go:28.152,33.2 3 1
github.com/sentrie-sh/sentrie/runtime/eval_unary.go:29.148,37.16 5 1
github.com/sentrie-sh/sentrie/runtime/eval_unary.go:37.16,39.3 1 0
github.com/sentrie-sh/sentrie/runtime/eval_unary.go:41.2,41.21 1 1
github.com/sentrie-sh/sentrie/runtime/eval_unary.go:41.21,43.3 1 0
github.com/sentrie-sh/sentrie/runtime/eval_unary.go:45.2,45.20 1 1
github.com/sentrie-sh/sentrie/runtime/eval_unary.go:46.11,48.45 2 1
github.com/sentrie-sh/sentrie/runtime/eval_unary.go:49.13,51.45 2 1
github.com/sentrie-sh/sentrie/runtime/eval_unary.go:52.11,54.10 2 1
github.com/sentrie-sh/sentrie/runtime/eval_unary.go:54.10,57.4 2 1
github.com/sentrie-sh/sentrie/runtime/eval_unary.go:58.3,59.45 2 0
github.com/sentrie-sh/sentrie/runtime/eval_unary.go:60.11,62.10 2 1
github.com/sentrie-sh/sentrie/runtime/eval_unary.go:62.10,65.4 2 1
github.com/sentrie-sh/sentrie/runtime/eval_unary.go:66.3,67.45 2 0
github.com/sentrie-sh/sentrie/runtime/eval_unary.go:68.10,70.40 2 1
github.com/sentrie-sh/sentrie/runtime/exec_ctx.go:63.61,68.2 4 0
github.com/sentrie-sh/sentrie/runtime/exec_ctx.go:70.85,82.2 1 1
github.com/sentrie-sh/sentrie/runtime/exec_ctx.go:85.40,85.41 0 1
github.com/sentrie-sh/sentrie/runtime/exec_ctx.go:89.70,107.2 5 1
github.com/sentrie-sh/sentrie/runtime/exec_ctx.go:109.51,110.22 1 0
github.com/sentrie-sh/sentrie/runtime/exec_ctx.go:110.22,112.3 1 0
github.com/sentrie-sh/sentrie/runtime/exec_ctx.go:113.2,113.21 1 0
github.com/sentrie-sh/sentrie/runtime/exec_ctx.go:118.126,122.22 3 1
github.com/sentrie-sh/sentrie/runtime/exec_ctx.go:122.22,124.3 1 1
github.com/sentrie-sh/sentrie/runtime/exec_ctx.go:126.2,131.12 2 1
github.com/sentrie-sh/sentrie/runtime/exec_ctx.go:134.62,139.2 4 0
github.com/sentrie-sh/sentrie/runtime/exec_ctx.go:143.81,147.36 3 1
github.com/sentrie-sh/sentrie/runtime/exec_ctx.go:147.36,149.3 1 1
github.com/sentrie-sh/sentrie/runtime/exec_ctx.go:150.2,151.12 2 1
github.com/sentrie-sh/sentrie/runtime/exec_ctx.go:156.76,157.11 1 1
github.com/sentrie-sh/sentrie/runtime/exec_ctx.go:157.11,162.3 4 1
github.com/sentrie-sh/sentrie/runtime/exec_ctx.go:165.2,165.35 1 1
github.com/sentrie-sh/sentrie/runtime/exec_ctx.go:165.35,168.3 2 1
github.com/sentrie-sh/sentrie/runtime/exec_ctx.go:170.2,170.34 1 1
github.com/sentrie-sh/sentrie/runtime/exec_ctx.go:170.34,173.3 2 1
github.com/sentrie-sh/sentrie/runtime/exec_ctx.go:175.2,175.40 1 0
github.com/sentrie-sh/sentrie/runtime/exec_ctx.go:175.40,180.3 4 0
github.com/sentrie-sh/sentrie/runtime/exec_ctx.go:182.2,182.22 1 0
github.com/sentrie-sh/sentrie/runtime/exec_ctx.go:182.22,184.3 1 0
github.com/sentrie-sh/sentrie/runtime/exec_ctx.go:188.65,192.29 4 1
github.com/sentrie-sh/sentrie/runtime/exec_ctx.go:192.29,195.3 1 1
github.com/sentrie-sh/sentrie/runtime/exec_ctx.go:196.2,196.14 1 1
github.com/sentrie-sh/sentrie/runtime/exec_ctx.go:199.64,202.22 3 1
github.com/sentrie-sh/sentrie/runtime/exec_ctx.go:202.22,205.3 1 1
github.com/sentrie-sh/sentrie/runtime/exec_ctx.go:206.2,207.9 2 1
github.com/sentrie-sh/sentrie/runtime/exec_ctx.go:207.9,209.3 1 1
github.com/sentrie-sh/sentrie/runtime/exec_ctx.go:210.2,210.20 1 1
github.com/sentrie-sh/sentrie/runtime/exec_ctx.go:213.77,217.29 4 1
github.com/sentrie-sh/sentrie/runtime/exec_ctx.go:217.29,220.3 1 0
github.com/sentrie-sh/sentrie/runtime/exec_ctx.go:221.2,221.14 1 1
github.com/sentrie-sh/sentrie/runtime/exec_ctx.go:224.72,228.2 3 1
github.com/sentrie-sh/sentrie/runtime/exec_ctx.go:230.87,235.2 4 1
github.com/sentrie-sh/sentrie/runtime/exec_ctx.go:238.65,243.44 3 1
github.com/sentrie-sh/sentrie/runtime/exec_ctx.go:243.44,245.3 1 1
github.com/sentrie-sh/sentrie/runtime/exec_ctx.go:247.2,248.12 2 1
github.com/sentrie-sh/sentrie/runtime/exec_ctx.go:252.43,256.26 3 1
github.com/sentrie-sh/sentrie/runtime/exec_ctx.go:256.26,258.3 1 1
github.com/sentrie-sh/sentrie/runtime/exec_ctx.go:262.52,266.2 3 1
github.com/sentrie-sh/sentrie/runtime/executor.go:41.59,42.31 1 0
github.com/sentrie-sh/sentrie/runtime/executor.go:42.31,44.3 1 0
github.com/sentrie-sh/sentrie/runtime/executor.go:56.52,58.2 1 0
github.com/sentrie-sh/sentrie/runtime/executor.go:75.81,101.27 17 0
github.com/sentrie-sh/sentrie/runtime/executor.go:101.27,103.3 1 0
github.com/sentrie-sh/sentrie/runtime/executor.go:106.2,110.18 3 0
github.com/sentrie-sh/sentrie/runtime/executor.go:113.45,115.2 1 0
github.com/sentrie-sh/sentrie/runtime/executor.go:118.131,120.16 2 0
github.com/sentrie-sh/sentrie/runtime/executor.go:120.16,122.3 1 0
github.com/sentrie-sh/sentrie/runtime/executor.go:124.2,128.43 5 0
github.com/sentrie-sh/sentrie/runtime/executor.go:128.43,129.16 1 0
github.com/sentrie-sh/sentrie/runtime/executor.go:129.16,130.17 1 0
github.com/sentrie-sh/sentrie/runtime/executor.go:130.17,131.33 1 0
github.com/sentrie-sh/sentrie/runtime/executor.go:131.33,133.6 1 0
github.com/sentrie-sh/sentrie/runtime/executor.go:136.4,142.18 4 0
github.com/sentrie-sh/sentrie/runtime/executor.go:142.18,145.5 2 0
github.com/sentrie-sh/sentrie/runtime/executor.go:148.4,148.37 1 0
github.com/sentrie-sh/sentrie/runtime/executor.go:151.2,153.30 2 0
github.com/sentrie-sh/sentrie/runtime/executor.go:157.141,160.16 2 1
github.com/sentrie-sh/sentrie/runtime/executor.go:160.16,162.3 1 0
github.com/sentrie-sh/sentrie/runtime/executor.go:163.2,163.51 1 1
github.com/sentrie-sh/sentrie/runtime/executor.go:163.51,165.3 1 0
github.com/sentrie-sh/sentrie/runtime/executor.go:167.2,170.47 3 1
github.com/sentrie-sh/sentrie/runtime/executor.go:170.47,175.37 2 1
github.com/sentrie-sh/sentrie/runtime/executor.go:175.37,177.4 1 0
github.com/sentrie-sh/sentrie/runtime/executor.go:179.3,179.9 1 1
github.com/sentrie-sh/sentrie/runtime/executor.go:179.9,182.33 2 1
github.com/sentrie-sh/sentrie/runtime/executor.go:182.33,184.5 1 0
github.com/sentrie-sh/sentrie/runtime/executor.go:185.4,186.18 2 1
github.com/sentrie-sh/sentrie/runtime/executor.go:186.18,188.5 1 0
github.com/sentrie-sh/sentrie/runtime/executor.go:189.4,189.12 1 1
github.com/sentrie-sh/sentrie/runtime/executor.go:193.3,193.35 1 0
github.com/sentrie-sh/sentrie/runtime/executor.go:193.35,196.18 2 0
github.com/sentrie-sh/sentrie/runtime/executor.go:196.18,198.5 1 0
github.com/sentrie-sh/sentrie/runtime/executor.go:201.4,201.20 1 0
github.com/sentrie-sh/sentrie/runtime/executor.go:201.20,203.5 1 0
github.com/sentrie-sh/sentrie/runtime/executor.go:206.4,206.96 1 0
github.com/sentrie-sh/sentrie/runtime/executor.go:206.96,208.5 1 0
github.com/sentrie-sh/sentrie/runtime/executor.go:213.2,213.27 1 1
github.com/sentrie-sh/sentrie/runtime/executor.go:213.27,214.44 1 0
github.com/sentrie-sh/sentrie/runtime/executor.go:214.44,216.4 1 0
github.com/sentrie-sh/sentrie/runtime/executor.go:220.2,220.47 1 1
github.com/sentrie-sh/sentrie/runtime/executor.go:220.47,222.3 1 0
github.com/sentrie-sh/sentrie/runtime/executor.go:224.2,225.35 2 1
github.com/sentrie-sh/sentrie/runtime/executor.go:225.35,227.3 1 0
github.com/sentrie-sh/sentrie/runtime/executor.go:228.2,235.8 1 1
github.com/sentrie-sh/sentrie/runtime/executor.go:238.161,240.16 2 1
github.com/sentrie-sh/sentrie/runtime/executor.go:240.16,242.3 1 0
github.com/sentrie-sh/sentrie/runtime/executor.go:244.2,245.9 2 1
github.com/sentrie-sh/sentrie/runtime/executor.go:245.9,247.3 1 0
github.com/sentrie-sh/sentrie/runtime/executor.go:250.2,250.62 1 1
github.com/sentrie-sh/sentrie/runtime/executor.go:250.62,252.3 1 0
github.com/sentrie-sh/sentrie/runtime/executor.go:253.2,264.36 4 1
github.com/sentrie-sh/sentrie/runtime/executor.go:264.36,265.27 1 1
github.com/sentrie-sh/sentrie/runtime/executor.go:265.27,267.12 1 1
github.com/sentrie-sh/sentrie/runtime/executor.go:269.3,271.123 2 0
github.com/sentrie-sh/sentrie/runtime/executor.go:271.123,273.4 1 0
github.com/sentrie-sh/sentrie/runtime/executor.go:276.2,280.16 5 1
github.com/sentrie-sh/sentrie/runtime/executor.go:280.16,282.3 1 0
github.com/sentrie-sh/sentrie/runtime/executor.go:285.2,286.47 2 1
github.com/sentrie-sh/sentrie/runtime/executor.go:286.47,287.45 1 1
github.com/sentrie-sh/sentrie/runtime/executor.go:287.45,295.18 5 0
github.com/sentrie-sh/sentrie/runtime/executor.go:295.18,298.5 2 0
github.com/sentrie-sh/sentrie/runtime/executor.go:299.4,302.12 4 0
github.com/sentrie-sh/sentrie/runtime/executor.go:306.2,306.38 1 1
github.com/sentrie-sh/sentrie/runtime/executor.go:309.129,312.58 2 0
github.com/sentrie-sh/sentrie/runtime/executor.go:312.58,314.3 1 0
github.com/sentrie-sh/sentrie/runtime/executor.go:317.2,318.16 2 0
github.com/sentrie-sh/sentrie/runtime/executor.go:318.16,320.3 1 0
github.com/sentrie-sh/sentrie/runtime/executor.go:323.2,324.26 2 0
github.com/sentrie-sh/sentrie/runtime/executor.go:324.26,325.36 1 0
github.com/sentrie-sh/sentrie/runtime/executor.go:325.36,326.38 1 0
github.com/sentrie-sh/sentrie/runtime/executor.go:326.38,328.5 1 0
github.com/sentrie-sh/sentrie/runtime/executor.go:328.10,331.5 1 0
github.com/sentrie-sh/sentrie/runtime/executor.go:333.8,334.34 1 0
github.com/sentrie-sh/sentrie/runtime/executor.go:334.34,336.4 1 0
github.com/sentrie-sh/sentrie/runtime/executor.go:338.2,341.8 1 0
github.com/sentrie-sh/sentrie/runtime/executor.go:344.99,346.16 2 1
github.com/sentrie-sh/sentrie/runtime/executor.go:346.16,348.3 1 0
github.com/sentrie-sh/sentrie/runtime/executor.go:350.2,350.33 1 1
github.com/sentrie-sh/sentrie/runtime/executor.go:350.33,352.17 2 0
github.com/sentrie-sh/sentrie/runtime/executor.go:352.17,354.4 1 0
github.com/sentrie-sh/sentrie/runtime/executor.go:357.3,358.17 2 0
github.com/sentrie-sh/sentrie/runtime/executor.go:358.17,360.4 1 0
github.com/sentrie-sh/sentrie/runtime/executor.go:362.3,362.32 1 0
github.com/sentrie-sh/sentrie/runtime/executor.go:364.2,364.12 1 1
github.com/sentrie-sh/sentrie/runtime/executor.go:368.148,369.64 1 0
github.com/sentrie-sh/sentrie/runtime/executor.go:369.64,371.3 1 0
github.com/sentrie-sh/sentrie/runtime/executor.go:373.2,373.38 1 0
github.com/sentrie-sh/sentrie/runtime/executor.go:373.38,376.3 1 0
github.com/sentrie-sh/sentrie/runtime/executor.go:378.2,378.77 1 0
github.com/sentrie-sh/sentrie/runtime/executor.go:378.77,384.17 2 0
github.com/sentrie-sh/sentrie/runtime/executor.go:384.17,386.4 1 0
github.com/sentrie-sh/sentrie/runtime/executor.go:388.3,388.60 1 0
github.com/sentrie-sh/sentrie/runtime/executor.go:388.60,390.4 1 0
github.com/sentrie-sh/sentrie/runtime/executor.go:391.3,395.9 1 0
github.com/sentrie-sh/sentrie/runtime/executor.go:398.2,398.71 1 0
github.com/sentrie-sh/sentrie/runtime/executor.go:402.150,412.19 4 1
github.com/sentrie-sh/sentrie/runtime/executor.go:412.19,418.17 5 1
github.com/sentrie-sh/sentrie/runtime/executor.go:418.17,421.4 2 0
github.com/sentrie-sh/sentrie/runtime/executor.go:422.3,423.16 2 1
github.com/sentrie-sh/sentrie/runtime/executor.go:426.2,426.23 1 1
github.com/sentrie-sh/sentrie/runtime/executor.go:426.23,431.23 2 1
github.com/sentrie-sh/sentrie/runtime/executor.go:431.23,441.4 6 1
github.com/sentrie-sh/sentrie/runtime/executor.go:442.3,442.29 1 1
github.com/sentrie-sh/sentrie/runtime/executor.go:445.2,453.33 6 1
github.com/sentrie-sh/sentrie/runtime/imports.go:30.150,38.36 3 1
github.com/sentrie-sh/sentrie/runtime/imports.go:38.36,41.3 2 1
github.com/sentrie-sh/sentrie/runtime/imports.go:43.2,46.37 3 1
github.com/sentrie-sh/sentrie/runtime/imports.go:46.37,49.3 1 0
github.com/sentrie-sh/sentrie/runtime/imports.go:49.8,52.3 1 1
github.com/sentrie-sh/sentrie/runtime/imports.go:53.2,56.2 3 1
github.com/sentrie-sh/sentrie/runtime/imports.go:56.2,58.17 2 1
github.com/sentrie-sh/sentrie/runtime/imports.go:58.17,60.4 1 1
github.com/sentrie-sh/sentrie/runtime/imports.go:62.3,62.52 1 1
github.com/sentrie-sh/sentrie/runtime/imports.go:62.52,64.4 1 0
github.com/sentrie-sh/sentrie/runtime/imports.go:66.3,66.32 1 1
github.com/sentrie-sh/sentrie/runtime/imports.go:66.32,68.40 1 1
github.com/sentrie-sh/sentrie/runtime/imports.go:68.40,70.13 1 1
github.com/sentrie-sh/sentrie/runtime/imports.go:74.4,75.18 2 1
github.com/sentrie-sh/sentrie/runtime/imports.go:75.18,77.5 1 0
github.com/sentrie-sh/sentrie/runtime/imports.go:78.4,80.26 2 1
github.com/sentrie-sh/sentrie/runtime/imports.go:84.2,85.33 2 1
github.com/sentrie-sh/sentrie/runtime/imports.go:85.33,87.3 1 1
github.com/sentrie-sh/sentrie/runtime/imports.go:89.2,91.16 3 1
github.com/sentrie-sh/sentrie/runtime/imports.go:91.16,94.3 2 0
github.com/sentrie-sh/sentrie/runtime/imports.go:96.2,98.38 2 1
github.com/sentrie-sh/sentrie/runtime/modules.go:43.40,44.45 1 0
github.com/sentrie-sh/sentrie/runtime/modules.go:44.45,46.3 1 0
github.com/sentrie-sh/sentrie/runtime/modules.go:47.2,47.23 1 0
github.com/sentrie-sh/sentrie/runtime/modules.go:48.13,50.26 2 0
github.com/sentrie-sh/sentrie/runtime/modules.go:50.26,52.4 1 0
github.com/sentrie-sh/sentrie/runtime/modules.go:53.3,53.13 1 0
github.com/sentrie-sh/sentrie/runtime/modules.go:54.22,56.26 2 0
github.com/sentrie-sh/sentrie/runtime/modules.go:56.26,58.4 1 0
github.com/sentrie-sh/sentrie/runtime/modules.go:59.3,59.13 1 0
github.com/sentrie-sh/sentrie/runtime/modules.go:60.10,61.11 1 0
github.com/sentrie-sh/sentrie/runtime/modules.go:65.109,66.27 1 1
github.com/sentrie-sh/sentrie/runtime/modules.go:66.27,68.3 1 1
github.com/sentrie-sh/sentrie/runtime/modules.go:69.2,70.16 2 0
github.com/sentrie-sh/sentrie/runtime/modules.go:70.16,72.3 1 0
github.com/sentrie-sh/sentrie/runtime/modules.go:73.2,76.100 3 0
github.com/sentrie-sh/sentrie/runtime/modules.go:76.100,78.3 1 0
github.com/sentrie-sh/sentrie/runtime/modules.go:80.2,81.9 2 0
github.com/sentrie-sh/sentrie/runtime/modules.go:81.9,83.3 1 0
github.com/sentrie-sh/sentrie/runtime/modules.go:84.2,85.9 2 0
github.com/sentrie-sh/sentrie/runtime/modules.go:85.9,87.3 1 0
github.com/sentrie-sh/sentrie/runtime/modules.go:90.2,91.16 2 0
github.com/sentrie-sh/sentrie/runtime/modules.go:91.16,93.13 2 0
github.com/sentrie-sh/sentrie/runtime/modules.go:93.13,94.11 1 0
github.com/sentrie-sh/sentrie/runtime/modules.go:95.22,96.31 1 0
github.com/sentrie-sh/sentrie/runtime/modules.go:97.16,99.27 1 0
github.com/sentrie-sh/sentrie/runtime/modules.go:102.3,102.20 1 0
github.com/sentrie-sh/sentrie/runtime/modules.go:105.2,106.25 2 0
github.com/sentrie-sh/sentrie/runtime/modules.go:106.25,108.3 1 0
github.com/sentrie-sh/sentrie/runtime/modules.go:109.2,110.16 2 0
github.com/sentrie-sh/sentrie/runtime/modules.go:110.16,112.3 1 0
github.com/sentrie-sh/sentrie/runtime/modules.go:114.2,125.68 2 0
github.com/sentrie-sh/sentrie/runtime/modules.go:125.68,127.3 1 0
github.com/sentrie-sh/sentrie/runtime/modules.go:129.2,132.30 2 0
github.com/sentrie-sh/sentrie/runtime/modules.go:132.30,134.3 1 0
github.com/sentrie-sh/sentrie/runtime/modules.go:136.2,136.20 1 0
github.com/sentrie-sh/sentrie/runtime/typeref.go:27.39,28.23 1 1
github.com/sentrie-sh/sentrie/runtime/typeref.go:29.13,30.17 1 1
github.com/sentrie-sh/sentrie/runtime/typeref.go:31.15,32.23 1 0
github.com/sentrie-sh/sentrie/runtime/typeref.go:33.24,34.22 1 0
github.com/sentrie-sh/sentrie/runtime/typeref.go:35.10,36.11 1 1
github.com/sentrie-sh/sentrie/runtime/typeref.go:40.168,42.29 2 1
github.com/sentrie-sh/sentrie/runtime/typeref.go:43.26,44.74 1 1
github.com/sentrie-sh/sentrie/runtime/typeref.go:45.27,46.75 1 0
github.com/sentrie-sh/sentrie/runtime/typeref.go:47.26,48.74 1 1
github.com/sentrie-sh/sentrie/runtime/typeref.go:49.24,50.72 1 1
github.com/sentrie-sh/sentrie/runtime/typeref.go:51.23,52.71 1 0
github.com/sentrie-sh/sentrie/runtime/typeref.go:53.25,54.73 1 0
github.com/sentrie-sh/sentrie/runtime/typeref.go:55.28,56.76 1 0
github.com/sentrie-sh/sentrie/runtime/typeref.go:57.26,58.74 1 0
github.com/sentrie-sh/sentrie/runtime/typeref.go:61.2,61.12 1 0
github.com/sentrie-sh/sentrie/runtime/typeref_document.go:29.173,31.38 1 1
github.com/sentrie-sh/sentrie/runtime/typeref_document.go:31.38,33.3 1 1
github.com/sentrie-sh/sentrie/runtime/typeref_document.go:35.2,35.54 1 1
github.com/sentrie-sh/sentrie/runtime/typeref_document.go:35.54,37.43 2 0
github.com/sentrie-sh/sentrie/runtime/typeref_document.go:37.43,39.18 2 0
github.com/sentrie-sh/sentrie/runtime/typeref_document.go:39.18,41.5 1 0
github.com/sentrie-sh/sentrie/runtime/typeref_document.go:42.4,42.25 1 0
github.com/sentrie-sh/sentrie/runtime/typeref_document.go:44.3,45.10 2 0
github.com/sentrie-sh/sentrie/runtime/typeref_document.go:45.10,47.4 1 0
github.com/sentrie-sh/sentrie/runtime/typeref_document.go:49.3,49.75 1 0
github.com/sentrie-sh/sentrie/runtime/typeref_document.go:49.75,51.4 1 0
github.com/sentrie-sh/sentrie/runtime/typeref_document.go:54.2,54.12 1 1
github.com/sentrie-sh/sentrie/runtime/typeref_list.go:29.165,30.29 1 1
github.com/sentrie-sh/sentrie/runtime/typeref_list.go:30.29,32.3 1 1
github.com/sentrie-sh/sentrie/runtime/typeref_list.go:34.2,34.33 1 1
github.com/sentrie-sh/sentrie/runtime/typeref_list.go:34.33,35.100 1 1
github.com/sentrie-sh/sentrie/runtime/typeref_list.go:35.100,37.4 1 1
github.com/sentrie-sh/sentrie/runtime/typeref_list.go:40.2,40.54 1 1
github.com/sentrie-sh/sentrie/runtime/typeref_list.go:40.54,42.43 2 0
github.com/sentrie-sh/sentrie/runtime/typeref_list.go:42.43,44.18 2 0
github.com/sentrie-sh/sentrie/runtime/typeref_list.go:44.18,46.5 1 0
github.com/sentrie-sh/sentrie/runtime/typeref_list.go:47.4,47.25 1 0
github.com/sentrie-sh/sentrie/runtime/typeref_list.go:49.3,50.10 2 0
github.com/sentrie-sh/sentrie/runtime/typeref_list.go:50.10,52.4 1 0
github.com/sentrie-sh/sentrie/runtime/typeref_list.go:54.3,54.66 1 0
github.com/sentrie-sh/sentrie/runtime/typeref_list.go:54.66,56.4 1 0
github.com/sentrie-sh/sentrie/runtime/typeref_list.go:59.2,59.12 1 1
github.com/sentrie-sh/sentrie/runtime/typeref_map.go:29.163,30.38 1 1
github.com/sentrie-sh/sentrie/runtime/typeref_map.go:30.38,32.3 1 1
github.com/sentrie-sh/sentrie/runtime/typeref_map.go:34.2,34.54 1 1
github.com/sentrie-sh/sentrie/runtime/typeref_map.go:34.54,36.43 2 0
github.com/sentrie-sh/sentrie/runtime/typeref_map.go:36.43,38.18 2 0
github.com/sentrie-sh/sentrie/runtime/typeref_map.go:38.18,40.5 1 0
github.com/sentrie-sh/sentrie/runtime/typeref_map.go:41.4,41.25 1 0
github.com/sentrie-sh/sentrie/runtime/typeref_map.go:43.3,44.10 2 0
github.com/sentrie-sh/sentrie/runtime/typeref_map.go:44.10,46.4 1 0
github.com/sentrie-sh/sentrie/runtime/typeref_map.go:48.3,48.75 1 0
github.com/sentrie-sh/sentrie/runtime/typeref_map.go:48.75,50.4 1 0
github.com/sentrie-sh/sentrie/runtime/typeref_map.go:53.2,53.12 1 1
github.com/sentrie-sh/sentrie/runtime/typeref_number.go:29.169,30.31 1 1
github.com/sentrie-sh/sentrie/runtime/typeref_number.go:30.31,32.3 1 1
github.com/sentrie-sh/sentrie/runtime/typeref_number.go:34.2,34.54 1 1
github.com/sentrie-sh/sentrie/runtime/typeref_number.go:34.54,36.43 2 1
github.com/sentrie-sh/sentrie/runtime/typeref_number.go:36.43,38.18 2 0
github.com/sentrie-sh/sentrie/runtime/typeref_number.go:38.18,40.5 1 0
github.com/sentrie-sh/sentrie/runtime/typeref_number.go:41.4,42.39 2 0
github.com/sentrie-sh/sentrie/runtime/typeref_number.go:42.39,44.5 1 0
github.com/sentrie-sh/sentrie/runtime/typeref_number.go:45.4,45.22 1 0
github.com/sentrie-sh/sentrie/runtime/typeref_number.go:47.3,48.10 2 1
github.com/sentrie-sh/sentrie/runtime/typeref_number.go:48.10,50.4 1 0
github.com/sentrie-sh/sentrie/runtime/typeref_number.go:52.3,52.68 1 1
github.com/sentrie-sh/sentrie/runtime/typeref_number.go:52.68,54.4 1 1
github.com/sentrie-sh/sentrie/runtime/typeref_number.go:56.2,56.12 1 1
github.com/sentrie-sh/sentrie/runtime/typeref_record.go:29.169,31.30 2 1
github.com/sentrie-sh/sentrie/runtime/typeref_record.go:31.30,33.3 1 1
github.com/sentrie-sh/sentrie/runtime/typeref_record.go:33.8,35.3 1 1
github.com/sentrie-sh/sentrie/runtime/typeref_record.go:37.2,37.39 1 1
github.com/sentrie-sh/sentrie/runtime/typeref_record.go:37.39,39.3 1 1
github.com/sentrie-sh/sentrie/runtime/typeref_record.go:41.2,41.39 1 1
github.com/sentrie-sh/sentrie/runtime/typeref_record.go:41.39,42.93 1 1
github.com/sentrie-sh/sentrie/runtime/typeref_record.go:42.93,44.4 1 1
github.com/sentrie-sh/sentrie/runtime/typeref_record.go:47.2,47.54 1 1
github.com/sentrie-sh/sentrie/runtime/typeref_record.go:47.54,49.43 2 0
github.com/sentrie-sh/sentrie/runtime/typeref_record.go:49.43,51.18 2 0
github.com/sentrie-sh/sentrie/runtime/typeref_record.go:51.18,53.5 1 0
github.com/sentrie-sh/sentrie/runtime/typeref_record.go:54.4,54.25 1 0
github.com/sentrie-sh/sentrie/runtime/typeref_record.go:56.3,57.10 2 0
github.com/sentrie-sh/sentrie/runtime/typeref_record.go:57.10,59.4 1 0
github.com/sentrie-sh/sentrie/runtime/typeref_record.go:61.3,61.66 1 0
github.com/sentrie-sh/sentrie/runtime/typeref_record.go:61.66,63.4 1 0
github.com/sentrie-sh/sentrie/runtime/typeref_record.go:66.2,66.12 1 1
github.com/sentrie-sh/sentrie/runtime/typeref_shape.go:31.167,40.9 4 1
github.com/sentrie-sh/sentrie/runtime/typeref_shape.go:40.9,42.8 2 1
github.com/sentrie-sh/sentrie/runtime/typeref_shape.go:42.8,44.4 1 0
github.com/sentrie-sh/sentrie/runtime/typeref_shape.go:45.3,45.9 1 1
github.com/sentrie-sh/sentrie/runtime/typeref_shape.go:50.2,50.39 1 1
github.com/sentrie-sh/sentrie/runtime/typeref_shape.go:50.39,56.17 4 0
github.com/sentrie-sh/sentrie/runtime/typeref_shape.go:56.17,58.4 1 0
github.com/sentrie-sh/sentrie/runtime/typeref_shape.go:59.3,59.23 1 0
github.com/sentrie-sh/sentrie/runtime/typeref_shape.go:59.23,61.4 1 0
github.com/sentrie-sh/sentrie/runtime/typeref_shape.go:62.3,62.61 1 0
github.com/sentrie-sh/sentrie/runtime/typeref_shape.go:62.61,64.4 1 0
github.com/sentrie-sh/sentrie/runtime/typeref_shape.go:66.3,67.17 2 0
github.com/sentrie-sh/sentrie/runtime/typeref_shape.go:67.17,69.4 1 0
github.com/sentrie-sh/sentrie/runtime/typeref_shape.go:73.2,73.18 1 1
github.com/sentrie-sh/sentrie/runtime/typeref_shape.go:73.18,75.3 1 1
github.com/sentrie-sh/sentrie/runtime/typeref_shape.go:78.2,78.26 1 1
github.com/sentrie-sh/sentrie/runtime/typeref_shape.go:78.26,80.3 1 1
github.com/sentrie-sh/sentrie/runtime/typeref_shape.go:84.2,85.9 2 1
github.com/sentrie-sh/sentrie/runtime/typeref_shape.go:85.9,87.3 1 1
github.com/sentrie-sh/sentrie/runtime/typeref_shape.go:90.2,90.43 1 0
github.com/sentrie-sh/sentrie/runtime/typeref_shape.go:90.43,95.53 1 0
github.com/sentrie-sh/sentrie/runtime/typeref_shape.go:95.53,97.4 1 0
github.com/sentrie-sh/sentrie/runtime/typeref_shape.go:99.3,99.49 1 0
github.com/sentrie-sh/sentrie/runtime/typeref_shape.go:99.49,101.4 1 0
github.com/sentrie-sh/sentrie/runtime/typeref_shape.go:103.3,104.98 2 0
github.com/sentrie-sh/sentrie/runtime/typeref_shape.go:104.98,106.4 1 0
github.com/sentrie-sh/sentrie/runtime/typeref_shape.go:109.2,109.54 1 0
github.com/sentrie-sh/sentrie/runtime/typeref_shape.go:109.54,111.43 2 0
github.com/sentrie-sh/sentrie/runtime/typeref_shape.go:111.43,113.18 2 0
github.com/sentrie-sh/sentrie/runtime/typeref_shape.go:113.18,115.5 1 0
github.com/sentrie-sh/sentrie/runtime/typeref_shape.go:116.4,116.25 1 0
github.com/sentrie-sh/sentrie/runtime/typeref_shape.go:118.3,119.10 2 0
github.com/sentrie-sh/sentrie/runtime/typeref_shape.go:119.10,121.4 1 0
github.com/sentrie-sh/sentrie/runtime/typeref_shape.go:123.3,123.75 1 0
github.com/sentrie-sh/sentrie/runtime/typeref_shape.go:123.75,125.4 1 0
github.com/sentrie-sh/sentrie/runtime/typeref_shape.go:128.2,128.12 1 0
github.com/sentrie-sh/sentrie/runtime/typeref_string.go:29.176,30.30 1 1
github.com/sentrie-sh/sentrie/runtime/typeref_string.go:30.30,32.3 1 1
github.com/sentrie-sh/sentrie/runtime/typeref_string.go:34.2,34.54 1 1
github.com/sentrie-sh/sentrie/runtime/typeref_string.go:34.54,36.43 2 1
github.com/sentrie-sh/sentrie/runtime/typeref_string.go:36.43,38.18 2 1
github.com/sentrie-sh/sentrie/runtime/typeref_string.go:38.18,40.5 1 0
github.com/sentrie-sh/sentrie/runtime/typeref_string.go:41.4,41.25 1 1
github.com/sentrie-sh/sentrie/runtime/typeref_string.go:43.3,44.10 2 1
github.com/sentrie-sh/sentrie/runtime/typeref_string.go:44.10,46.4 1 0
github.com/sentrie-sh/sentrie/runtime/typeref_string.go:48.3,48.67 1 1
github.com/sentrie-sh/sentrie/runtime/typeref_string.go:48.67,50.4 1 1
github.com/sentrie-sh/sentrie/runtime/typeref_string.go:53.2,53.12 1 1
github.com/sentrie-sh/sentrie/runtime/typeref_trinary.go:30.178,31.27 1 1
github.com/sentrie-sh/sentrie/runtime/typeref_trinary.go:31.27,33.3 1 1
github.com/sentrie-sh/sentrie/runtime/typeref_trinary.go:34.2,34.37 1 1
github.com/sentrie-sh/sentrie/runtime/typeref_trinary.go:34.37,36.3 1 1
github.com/sentrie-sh/sentrie/runtime/typeref_trinary.go:38.2,40.54 2 1
github.com/sentrie-sh/sentrie/runtime/typeref_trinary.go:40.54,42.43 2 0
github.com/sentrie-sh/sentrie/runtime/typeref_trinary.go:42.43,44.18 2 0
github.com/sentrie-sh/sentrie/runtime/typeref_trinary.go:44.18,46.5 1 0
github.com/sentrie-sh/sentrie/runtime/typeref_trinary.go:47.4,47.25 1 0
github.com/sentrie-sh/sentrie/runtime/typeref_trinary.go:49.3,50.10 2 0
github.com/sentrie-sh/sentrie/runtime/typeref_trinary.go:50.10,52.4 1 0
github.com/sentrie-sh/sentrie/runtime/typeref_trinary.go:54.3,54.59 1 0
github.com/sentrie-sh/sentrie/runtime/typeref_trinary.go:54.59,56.4 1 0
github.com/sentrie-sh/sentrie/runtime/typeref_trinary.go:58.2,58.12 1 1
github.com/sentrie-sh/sentrie/runtime/value.go:46.36,47.11 1 1
github.com/sentrie-sh/sentrie/runtime/value.go:48.22,49.21 1 1
github.com/sentrie-sh/sentrie/runtime/value.go:50.17,51.16 1 1
github.com/sentrie-sh/sentrie/runtime/value.go:52.17,53.16 1 1
github.com/sentrie-sh/sentrie/runtime/value.go:54.19,55.18 1 1
github.com/sentrie-sh/sentrie/runtime/value.go:56.19,57.18 1 1
github.com/sentrie-sh/sentrie/runtime/value.go:58.20,59.19 1 1
github.com/sentrie-sh/sentrie/runtime/value.go:60.17,61.16 1 1
github.com/sentrie-sh/sentrie/runtime/value.go:62.16,63.15 1 1
github.com/sentrie-sh/sentrie/runtime/value.go:64.19,65.18 1 1
github.com/sentrie-sh/sentrie/runtime/value.go:66.10,67.19 1 1
github.com/sentrie-sh/sentrie/runtime/value.go:77.24,77.62 1 1
github.com/sentrie-sh/sentrie/runtime/value.go:78.24,78.57 1 1
github.com/sentrie-sh/sentrie/runtime/value.go:80.31,81.7 1 1
github.com/sentrie-sh/sentrie/runtime/value.go:81.7,83.3 1 1
github.com/sentrie-sh/sentrie/runtime/value.go:84.2,84.31 1 1
github.com/sentrie-sh/sentrie/runtime/value.go:89.34,94.2 1 1
github.com/sentrie-sh/sentrie/runtime/value.go:96.35,98.2 1 1
github.com/sentrie-sh/sentrie/runtime/value.go:100.37,102.2 1 1
github.com/sentrie-sh/sentrie/runtime/value.go:104.29,106.2 1 1
github.com/sentrie-sh/sentrie/runtime/value.go:108.36,110.2 1 1
github.com/sentrie-sh/sentrie/runtime/value.go:112.31,114.2 1 1
github.com/sentrie-sh/sentrie/runtime/value.go:116.35,116.52 1 1
github.com/sentrie-sh/sentrie/runtime/value.go:117.35,117.68 1 1
github.com/sentrie-sh/sentrie/runtime/value.go:118.35,118.70 1 1
github.com/sentrie-sh/sentrie/runtime/value.go:119.35,119.65 1 1
github.com/sentrie-sh/sentrie/runtime/value.go:121.41,122.25 1 1
github.com/sentrie-sh/sentrie/runtime/value.go:122.25,124.3 1 1
github.com/sentrie-sh/sentrie/runtime/value.go:125.2,125.25 1 1
github.com/sentrie-sh/sentrie/runtime/value.go:128.46,129.27 1 1
github.com/sentrie-sh/sentrie/runtime/value.go:129.27,131.3 1 1
github.com/sentrie-sh/sentrie/runtime/value.go:132.2,132.42 1 1
github.com/sentrie-sh/sentrie/runtime/value.go:135.45,136.27 1 1
github.com/sentrie-sh/sentrie/runtime/value.go:136.27,138.3 1 1
github.com/sentrie-sh/sentrie/runtime/value.go:139.2,140.14 2 1
github.com/sentrie-sh/sentrie/runtime/value.go:143.53,144.28 1 1
github.com/sentrie-sh/sentrie/runtime/value.go:144.28,146.3 1 1
github.com/sentrie-sh/sentrie/runtime/value.go:147.2,147.35 1 1
github.com/sentrie-sh/sentrie/runtime/value.go:150.44,151.25 1 1
github.com/sentrie-sh/sentrie/runtime/value.go:151.25,153.3 1 1
github.com/sentrie-sh/sentrie/runtime/value.go:154.2,155.15 2 1
github.com/sentrie-sh/sentrie/runtime/value.go:158.52,159.24 1 1
github.com/sentrie-sh/sentrie/runtime/value.go:159.24,161.3 1 1
github.com/sentrie-sh/sentrie/runtime/value.go:162.2,163.14 2 1
github.com/sentrie-sh/sentrie/runtime/value.go:166.26,167.16 1 1
github.com/sentrie-sh/sentrie/runtime/value.go:168.22,169.13 1 1
github.com/sentrie-sh/sentrie/runtime/value.go:170.17,171.13 1 1
github.com/sentrie-sh/sentrie/runtime/value.go:172.17,173.20 1 1
github.com/sentrie-sh/sentrie/runtime/value.go:174.19,175.37 1 1
github.com/sentrie-sh/sentrie/runtime/value.go:176.19,178.11 2 1
github.com/sentrie-sh/sentrie/runtime/value.go:179.20,180.30 1 1
github.com/sentrie-sh/sentrie/runtime/value.go:181.17,184.24 3 1
github.com/sentrie-sh/sentrie/runtime/value.go:184.24,186.4 1 1
github.com/sentrie-sh/sentrie/runtime/value.go:187.3,187.13 1 1
github.com/sentrie-sh/sentrie/runtime/value.go:188.16,191.23 3 1
github.com/sentrie-sh/sentrie/runtime/value.go:191.23,193.4 1 1
github.com/sentrie-sh/sentrie/runtime/value.go:194.3,194.13 1 1
github.com/sentrie-sh/sentrie/runtime/value.go:195.19,196.15 1 1
github.com/sentrie-sh/sentrie/runtime/value.go:197.10,198.13 1 1
github.com/sentrie-sh/sentrie/runtime/value.go:202.32,203.16 1 1
github.com/sentrie-sh/sentrie/runtime/value.go:204.20,205.19 1 1
github.com/sentrie-sh/sentrie/runtime/value.go:206.22,207.21 1 1
github.com/sentrie-sh/sentrie/runtime/value.go:208.17,209.16 1 1
github.com/sentrie-sh/sentrie/runtime/value.go:210.17,211.31 1 1
github.com/sentrie-sh/sentrie/runtime/value.go:211.31,213.4 1 1
github.com/sentrie-sh/sentrie/runtime/value.go:214.3,214.17 1 1
github.com/sentrie-sh/sentrie/runtime/value.go:215.19,217.30 2 1
github.com/sentrie-sh/sentrie/runtime/value.go:218.19,220.11 2 1
github.com/sentrie-sh/sentrie/runtime/value.go:221.20,223.20 2 1
github.com/sentrie-sh/sentrie/runtime/value.go:224.10,225.36 1 1
github.com/sentrie-sh/sentrie/runtime/value.go:229.46,230.21 1 1
github.com/sentrie-sh/sentrie/runtime/value.go:230.21,232.3 1 1
github.com/sentrie-sh/sentrie/runtime/value.go:233.2,233.30 1 1
github.com/sentrie-sh/sentrie/runtime/value.go:236.27,237.23 1 1
github.com/sentrie-sh/sentrie/runtime/value.go:238.11,239.16 1 1
github.com/sentrie-sh/sentrie/runtime/value.go:240.13,241.11 1 1
github.com/sentrie-sh/sentrie/runtime/value.go:242.12,243.17 1 1
github.com/sentrie-sh/sentrie/runtime/value.go:244.11,245.19 1 1
github.com/sentrie-sh/sentrie/runtime/value.go:246.12,247.19 1 1
github.com/sentrie-sh/sentrie/runtime/value.go:248.13,249.19 1 1
github.com/sentrie-sh/sentrie/runtime/value.go:250.13,251.19 1 1
github.com/sentrie-sh/sentrie/runtime/value.go:252.13,253.19 1 1
github.com/sentrie-sh/sentrie/runtime/value.go:254.12,255.19 1 1
github.com/sentrie-sh/sentrie/runtime/value.go:256.13,257.19 1 1
github.com/sentrie-sh/sentrie/runtime/value.go:258.14,259.19 1 1
github.com/sentrie-sh/sentrie/runtime/value.go:260.14,261.19 1 1
github.com/sentrie-sh/sentrie/runtime/value.go:262.14,263.19 1 1
github.com/sentrie-sh/sentrie/runtime/value.go:264.15,265.19 1 1
github.com/sentrie-sh/sentrie/runtime/value.go:266.15,267.19 1 1
github.com/sentrie-sh/sentrie/runtime/value.go:268.14,269.19 1 1
github.com/sentrie-sh/sentrie/runtime/value.go:270.21,271.20 1 1
github.com/sentrie-sh/sentrie/runtime/value.go:272.15,273.17 1 1
github.com/sentrie-sh/sentrie/runtime/value.go:274.24,275.16 1 1
github.com/sentrie-sh/sentrie/runtime/value.go:276.13,278.26 2 1
github.com/sentrie-sh/sentrie/runtime/value.go:278.26,280.4 1 1
github.com/sentrie-sh/sentrie/runtime/value.go:281.3,281.19 1 1
github.com/sentrie-sh/sentrie/runtime/value.go:282.22,284.23 2 1
github.com/sentrie-sh/sentrie/runtime/value.go:284.23,286.4 1 1
github.com/sentrie-sh/sentrie/runtime/value.go:287.3,287.18 1 1
github.com/sentrie-sh/sentrie/runtime/value.go:288.10,289.19 1 1
github.com/sentrie-sh/sentrie/runtime/value.go:295.33,296.18 1 1
github.com/sentrie-sh/sentrie/runtime/value.go:297.22,298.27 1 1
github.com/sentrie-sh/sentrie/runtime/value.go:299.17,302.27 3 1
github.com/sentrie-sh/sentrie/runtime/value.go:302.27,304.4 1 1
github.com/sentrie-sh/sentrie/runtime/value.go:305.3,305.13 1 1
github.com/sentrie-sh/sentrie/runtime/value.go:306.16,309.26 3 1
github.com/sentrie-sh/sentrie/runtime/value.go:309.26,311.4 1 1
github.com/sentrie-sh/sentrie/runtime/value.go:312.3,312.13 1 1
github.com/sentrie-sh/sentrie/runtime/value.go:313.10,314.17 1 1
github.com/sentrie-sh/sentrie/runtime/value.go:320.35,321.45 1 1
github.com/sentrie-sh/sentrie/runtime/value.go:321.45,323.3 1 1
github.com/sentrie-sh/sentrie/runtime/value.go:324.2,324.23 1 1
github.com/sentrie-sh/sentrie/runtime/value.go:325.13,327.26 2 1
github.com/sentrie-sh/sentrie/runtime/value.go:327.26,329.4 1 1
github.com/sentrie-sh/sentrie/runtime/value.go:330.3,330.19 1 1
github.com/sentrie-sh/sentrie/runtime/value.go:331.22,333.26 2 1
github.com/sentrie-sh/sentrie/runtime/value.go:333.26,335.4 1 1
github.com/sentrie-sh/sentrie/runtime/value.go:336.3,336.18 1 1
github.com/sentrie-sh/sentrie/runtime/value.go:337.10,338.20 1 1
